<?xml version="1.0" encoding="UTF-8"?>
<robot generator="Robot 6.0.2 (Python 3.11.2 on win32)" generated="20230308 17:55:18.003" rpa="false" schemaversion="3">
<suite id="s1" name="Tests" source="C:\Users\harvysanpedro\PycharmProjects\Test\Tests">
<suite id="s1-s1" name="Tests" source="C:\Users\harvysanpedro\PycharmProjects\Test\Tests\Tests">
<suite id="s1-s1-s1" name="CheckLoginFunctionality" source="C:\Users\harvysanpedro\PycharmProjects\Test\Tests\Tests\CheckLoginFunctionality.robot">
<kw name="Open Browser and Maximize" library="GlobalKeywords" type="SETUP">
<kw name="Open Browser" library="SeleniumLibrary">
<arg>https://www.google.com</arg>
<arg>${Browser}</arg>
<doc>Opens a new browser instance to the optional ``url``.</doc>
<msg timestamp="20230308 17:55:18.287" level="INFO">Opening browser 'gc' to base url 'https://www.google.com'.</msg>
<status status="PASS" starttime="20230308 17:55:18.287" endtime="20230308 17:55:22.591"/>
</kw>
<kw name="Maximize Browser Window" library="SeleniumLibrary">
<doc>Maximizes current browser window.</doc>
<status status="PASS" starttime="20230308 17:55:22.593" endtime="20230308 17:55:22.745"/>
</kw>
<kw name="Sleep" library="BuiltIn">
<arg>2000ms</arg>
<doc>Pauses the test executed for the given time.</doc>
<msg timestamp="20230308 17:55:24.747" level="INFO">Slept 2 seconds</msg>
<status status="PASS" starttime="20230308 17:55:22.745" endtime="20230308 17:55:24.747"/>
</kw>
<status status="PASS" starttime="20230308 17:55:18.287" endtime="20230308 17:55:24.749"/>
</kw>
<test id="s1-s1-s1-t1" name="Login using invalid account" line="7">
<kw name="Given user is at Amazon webpage" library="MainPageSteps">
<kw name="Search and select Amazon on google" library="GlobalKeywords">
<kw name="Go To" library="SeleniumLibrary">
<arg>https://www.google.com</arg>
<doc>Navigates the current browser window to the provided ``url``.</doc>
<msg timestamp="20230308 17:55:24.749" level="INFO">Opening url 'https://www.google.com'</msg>
<status status="PASS" starttime="20230308 17:55:24.749" endtime="20230308 17:55:25.529"/>
</kw>
<kw name="Enter Text" library="GlobalKeywords">
<arg>//*[@title="Search"]</arg>
<arg>Amazon</arg>
<kw name="Wait Until Element Is Visible" library="SeleniumLibrary">
<arg>${Locator}</arg>
<doc>Waits until the element ``locator`` is visible.</doc>
<status status="PASS" starttime="20230308 17:55:25.530" endtime="20230308 17:55:25.623"/>
</kw>
<kw name="Input Text" library="SeleniumLibrary">
<arg>${Locator}</arg>
<arg>${Value}</arg>
<doc>Types the given ``text`` into the text field identified by ``locator``.</doc>
<msg timestamp="20230308 17:55:25.623" level="INFO">Typing text 'Amazon' into text field '//*[@title="Search"]'.</msg>
<status status="PASS" starttime="20230308 17:55:25.623" endtime="20230308 17:55:25.804"/>
</kw>
<status status="PASS" starttime="20230308 17:55:25.530" endtime="20230308 17:55:25.804"/>
</kw>
<kw name="Press Keys" library="SeleniumLibrary">
<arg>//*[@title="Search"]</arg>
<arg>ENTER</arg>
<doc>Simulates the user pressing key(s) to an element or on the active browser.</doc>
<msg timestamp="20230308 17:55:25.805" level="INFO">Sending key(s) ('ENTER',) to //*[@title="Search"] element.</msg>
<msg timestamp="20230308 17:55:26.154" level="INFO">Pressing special key ENTER to element.</msg>
<msg timestamp="20230308 17:55:26.154" level="INFO">Releasing special key ENTER.</msg>
<status status="PASS" starttime="20230308 17:55:25.804" endtime="20230308 17:55:29.067"/>
</kw>
<kw name="Wait and click element" library="GlobalKeywords">
<arg>//*[contains(text(), "Amazon.com")]</arg>
<kw name="Wait Until Element Is Visible" library="SeleniumLibrary">
<arg>${Locator}</arg>
<doc>Waits until the element ``locator`` is visible.</doc>
<status status="PASS" starttime="20230308 17:55:29.069" endtime="20230308 17:55:29.136"/>
</kw>
<kw name="Click Element" library="SeleniumLibrary">
<arg>${Locator}</arg>
<doc>Click the element identified by ``locator``.</doc>
<msg timestamp="20230308 17:55:29.136" level="INFO">Clicking element '//*[contains(text(), "Amazon.com")]'.</msg>
<status status="PASS" starttime="20230308 17:55:29.136" endtime="20230308 17:55:31.361"/>
</kw>
<status status="PASS" starttime="20230308 17:55:29.068" endtime="20230308 17:55:31.361"/>
</kw>
<status status="PASS" starttime="20230308 17:55:24.749" endtime="20230308 17:55:31.361"/>
</kw>
<kw name="Webpage title should contain text" library="GlobalKeywords">
<arg>${AmazonMainPageTitle}</arg>
<kw name="Capture Page Screenshot" library="SeleniumLibrary">
<doc>Takes a screenshot of the current page and embeds it into a log file.</doc>
<msg timestamp="20230308 17:55:32.505" level="INFO" html="true">&lt;/td&gt;&lt;/tr&gt;&lt;tr&gt;&lt;td colspan="3"&gt;&lt;a href="selenium-screenshot-1.png"&gt;&lt;img src="selenium-screenshot-1.png" width="800px"&gt;&lt;/a&gt;</msg>
<status status="PASS" starttime="20230308 17:55:31.362" endtime="20230308 17:55:32.505"/>
</kw>
<kw name="Get Title" library="SeleniumLibrary">
<var>${actual}</var>
<doc>Returns the title of the current page.</doc>
<msg timestamp="20230308 17:55:32.520" level="INFO">${actual} = Amazon.com. Spend less. Smile more.</msg>
<status status="PASS" starttime="20230308 17:55:32.506" endtime="20230308 17:55:32.520"/>
</kw>
<kw name="Should Contain" library="BuiltIn">
<arg>${actual}</arg>
<arg>${expected}</arg>
<doc>Fails if ``container`` does not contain ``item`` one or more times.</doc>
<status status="PASS" starttime="20230308 17:55:32.520" endtime="20230308 17:55:32.521"/>
</kw>
<status status="PASS" starttime="20230308 17:55:31.361" endtime="20230308 17:55:32.521"/>
</kw>
<status status="PASS" starttime="20230308 17:55:24.749" endtime="20230308 17:55:32.521"/>
</kw>
<kw name="When user logs in using an invalid account" library="SignInPageSteps">
<kw name="Navigate to Amazon Sign In Page" library="SignInPageKeywords">
<kw name="Click Element" library="SeleniumLibrary">
<arg>${accountsAndListsLink}</arg>
<doc>Click the element identified by ``locator``.</doc>
<msg timestamp="20230308 17:55:32.523" level="INFO">Clicking element '//a[@id="nav-link-accountList"]'.</msg>
<status status="PASS" starttime="20230308 17:55:32.523" endtime="20230308 17:55:34.086"/>
</kw>
<kw name="Title Should Be" library="SeleniumLibrary">
<arg>${SignInPageTitle}</arg>
<doc>Verifies that the current page title equals ``title``.</doc>
<msg timestamp="20230308 17:55:34.120" level="INFO">Page title is 'Amazon Sign-In'.</msg>
<status status="PASS" starttime="20230308 17:55:34.086" endtime="20230308 17:55:34.120"/>
</kw>
<status status="PASS" starttime="20230308 17:55:32.522" endtime="20230308 17:55:34.120"/>
</kw>
<kw name="Enter Email or Phone then continue" library="SignInPageKeywords">
<arg>${InvalidEmailAddress}</arg>
<kw name="Enter Text" library="GlobalKeywords">
<arg>${emailOrNumberField}</arg>
<arg>${InputValue}</arg>
<kw name="Wait Until Element Is Visible" library="SeleniumLibrary">
<arg>${Locator}</arg>
<doc>Waits until the element ``locator`` is visible.</doc>
<status status="PASS" starttime="20230308 17:55:34.121" endtime="20230308 17:55:34.176"/>
</kw>
<kw name="Input Text" library="SeleniumLibrary">
<arg>${Locator}</arg>
<arg>${Value}</arg>
<doc>Types the given ``text`` into the text field identified by ``locator``.</doc>
<msg timestamp="20230308 17:55:34.176" level="INFO">Typing text 'invalidemail@test.com' into text field '//input[@id="ap_email"]'.</msg>
<status status="PASS" starttime="20230308 17:55:34.176" endtime="20230308 17:55:34.397"/>
</kw>
<status status="PASS" starttime="20230308 17:55:34.120" endtime="20230308 17:55:34.397"/>
</kw>
<kw name="Wait and click element" library="GlobalKeywords">
<arg>${continueButton}</arg>
<kw name="Wait Until Element Is Visible" library="SeleniumLibrary">
<arg>${Locator}</arg>
<doc>Waits until the element ``locator`` is visible.</doc>
<status status="PASS" starttime="20230308 17:55:34.397" endtime="20230308 17:55:34.445"/>
</kw>
<kw name="Click Element" library="SeleniumLibrary">
<arg>${Locator}</arg>
<doc>Click the element identified by ``locator``.</doc>
<msg timestamp="20230308 17:55:34.445" level="INFO">Clicking element '//input[@id="continue"]'.</msg>
<status status="PASS" starttime="20230308 17:55:34.445" endtime="20230308 17:55:36.039"/>
</kw>
<status status="PASS" starttime="20230308 17:55:34.397" endtime="20230308 17:55:36.039"/>
</kw>
<status status="PASS" starttime="20230308 17:55:34.120" endtime="20230308 17:55:36.039"/>
</kw>
<status status="PASS" starttime="20230308 17:55:32.522" endtime="20230308 17:55:36.039"/>
</kw>
<kw name="Then cannot find the account message should be displayed" library="SignInPageSteps">
<kw name="Account is invalid message should be displayed" library="SignInPageKeywords">
<kw name="Page Should Contain" library="SeleniumLibrary">
<arg>${ThereWasAProblemMessage}</arg>
<doc>Verifies that current page contains ``text``.</doc>
<msg timestamp="20230308 17:55:36.083" level="INFO">Current page contains text 'There was a problem'.</msg>
<status status="PASS" starttime="20230308 17:55:36.040" endtime="20230308 17:55:36.083"/>
</kw>
<kw name="Page Should Contain" library="SeleniumLibrary">
<arg>${CannotFindAccountMessage}</arg>
<doc>Verifies that current page contains ``text``.</doc>
<msg timestamp="20230308 17:55:36.100" level="INFO">Current page contains text 'We cannot find an account with that email address'.</msg>
<status status="PASS" starttime="20230308 17:55:36.083" endtime="20230308 17:55:36.100"/>
</kw>
<kw name="Capture Page Screenshot" library="SeleniumLibrary">
<doc>Takes a screenshot of the current page and embeds it into a log file.</doc>
<msg timestamp="20230308 17:55:36.539" level="INFO" html="true">&lt;/td&gt;&lt;/tr&gt;&lt;tr&gt;&lt;td colspan="3"&gt;&lt;a href="selenium-screenshot-2.png"&gt;&lt;img src="selenium-screenshot-2.png" width="800px"&gt;&lt;/a&gt;</msg>
<status status="PASS" starttime="20230308 17:55:36.100" endtime="20230308 17:55:36.539"/>
</kw>
<status status="PASS" starttime="20230308 17:55:36.040" endtime="20230308 17:55:36.539"/>
</kw>
<status status="PASS" starttime="20230308 17:55:36.040" endtime="20230308 17:55:36.539"/>
</kw>
<status status="PASS" starttime="20230308 17:55:24.749" endtime="20230308 17:55:36.540"/>
</test>
<test id="s1-s1-s1-t2" name="Login using valid account" line="12">
<kw name="Given user is at Amazon webpage" library="MainPageSteps">
<kw name="Search and select Amazon on google" library="GlobalKeywords">
<kw name="Go To" library="SeleniumLibrary">
<arg>https://www.google.com</arg>
<doc>Navigates the current browser window to the provided ``url``.</doc>
<msg timestamp="20230308 17:55:36.542" level="INFO">Opening url 'https://www.google.com'</msg>
<status status="PASS" starttime="20230308 17:55:36.542" endtime="20230308 17:55:37.248"/>
</kw>
<kw name="Enter Text" library="GlobalKeywords">
<arg>//*[@title="Search"]</arg>
<arg>Amazon</arg>
<kw name="Wait Until Element Is Visible" library="SeleniumLibrary">
<arg>${Locator}</arg>
<doc>Waits until the element ``locator`` is visible.</doc>
<status status="PASS" starttime="20230308 17:55:37.248" endtime="20230308 17:55:37.341"/>
</kw>
<kw name="Input Text" library="SeleniumLibrary">
<arg>${Locator}</arg>
<arg>${Value}</arg>
<doc>Types the given ``text`` into the text field identified by ``locator``.</doc>
<msg timestamp="20230308 17:55:37.342" level="INFO">Typing text 'Amazon' into text field '//*[@title="Search"]'.</msg>
<status status="PASS" starttime="20230308 17:55:37.341" endtime="20230308 17:55:37.580"/>
</kw>
<status status="PASS" starttime="20230308 17:55:37.248" endtime="20230308 17:55:37.580"/>
</kw>
<kw name="Press Keys" library="SeleniumLibrary">
<arg>//*[@title="Search"]</arg>
<arg>ENTER</arg>
<doc>Simulates the user pressing key(s) to an element or on the active browser.</doc>
<msg timestamp="20230308 17:55:37.581" level="INFO">Sending key(s) ('ENTER',) to //*[@title="Search"] element.</msg>
<msg timestamp="20230308 17:55:37.998" level="INFO">Pressing special key ENTER to element.</msg>
<msg timestamp="20230308 17:55:37.998" level="INFO">Releasing special key ENTER.</msg>
<status status="PASS" starttime="20230308 17:55:37.580" endtime="20230308 17:55:40.725"/>
</kw>
<kw name="Wait and click element" library="GlobalKeywords">
<arg>//*[contains(text(), "Amazon.com")]</arg>
<kw name="Wait Until Element Is Visible" library="SeleniumLibrary">
<arg>${Locator}</arg>
<doc>Waits until the element ``locator`` is visible.</doc>
<status status="PASS" starttime="20230308 17:55:40.726" endtime="20230308 17:55:40.808"/>
</kw>
<kw name="Click Element" library="SeleniumLibrary">
<arg>${Locator}</arg>
<doc>Click the element identified by ``locator``.</doc>
<msg timestamp="20230308 17:55:40.809" level="INFO">Clicking element '//*[contains(text(), "Amazon.com")]'.</msg>
<status status="PASS" starttime="20230308 17:55:40.808" endtime="20230308 17:55:42.935"/>
</kw>
<status status="PASS" starttime="20230308 17:55:40.725" endtime="20230308 17:55:42.936"/>
</kw>
<status status="PASS" starttime="20230308 17:55:36.542" endtime="20230308 17:55:42.936"/>
</kw>
<kw name="Webpage title should contain text" library="GlobalKeywords">
<arg>${AmazonMainPageTitle}</arg>
<kw name="Capture Page Screenshot" library="SeleniumLibrary">
<doc>Takes a screenshot of the current page and embeds it into a log file.</doc>
<msg timestamp="20230308 17:55:43.930" level="INFO" html="true">&lt;/td&gt;&lt;/tr&gt;&lt;tr&gt;&lt;td colspan="3"&gt;&lt;a href="selenium-screenshot-3.png"&gt;&lt;img src="selenium-screenshot-3.png" width="800px"&gt;&lt;/a&gt;</msg>
<status status="PASS" starttime="20230308 17:55:42.937" endtime="20230308 17:55:43.930"/>
</kw>
<kw name="Get Title" library="SeleniumLibrary">
<var>${actual}</var>
<doc>Returns the title of the current page.</doc>
<msg timestamp="20230308 17:55:43.939" level="INFO">${actual} = Amazon.com. Spend less. Smile more.</msg>
<status status="PASS" starttime="20230308 17:55:43.930" endtime="20230308 17:55:43.939"/>
</kw>
<kw name="Should Contain" library="BuiltIn">
<arg>${actual}</arg>
<arg>${expected}</arg>
<doc>Fails if ``container`` does not contain ``item`` one or more times.</doc>
<status status="PASS" starttime="20230308 17:55:43.939" endtime="20230308 17:55:43.939"/>
</kw>
<status status="PASS" starttime="20230308 17:55:42.936" endtime="20230308 17:55:43.940"/>
</kw>
<status status="PASS" starttime="20230308 17:55:36.542" endtime="20230308 17:55:43.940"/>
</kw>
<kw name="When user logs in using a valid account" library="SignInPageSteps">
<kw name="Navigate to Amazon Sign In Page" library="SignInPageKeywords">
<kw name="Click Element" library="SeleniumLibrary">
<arg>${accountsAndListsLink}</arg>
<doc>Click the element identified by ``locator``.</doc>
<msg timestamp="20230308 17:55:43.941" level="INFO">Clicking element '//a[@id="nav-link-accountList"]'.</msg>
<status status="PASS" starttime="20230308 17:55:43.941" endtime="20230308 17:55:45.064"/>
</kw>
<kw name="Title Should Be" library="SeleniumLibrary">
<arg>${SignInPageTitle}</arg>
<doc>Verifies that the current page title equals ``title``.</doc>
<msg timestamp="20230308 17:55:45.079" level="INFO">Page title is 'Amazon Sign-In'.</msg>
<status status="PASS" starttime="20230308 17:55:45.064" endtime="20230308 17:55:45.079"/>
</kw>
<status status="PASS" starttime="20230308 17:55:43.940" endtime="20230308 17:55:45.079"/>
</kw>
<kw name="Enter Email or Phone then continue" library="SignInPageKeywords">
<arg>${validEmailAddress}</arg>
<kw name="Enter Text" library="GlobalKeywords">
<arg>${emailOrNumberField}</arg>
<arg>${InputValue}</arg>
<kw name="Wait Until Element Is Visible" library="SeleniumLibrary">
<arg>${Locator}</arg>
<doc>Waits until the element ``locator`` is visible.</doc>
<status status="PASS" starttime="20230308 17:55:45.079" endtime="20230308 17:55:45.134"/>
</kw>
<kw name="Input Text" library="SeleniumLibrary">
<arg>${Locator}</arg>
<arg>${Value}</arg>
<doc>Types the given ``text`` into the text field identified by ``locator``.</doc>
<msg timestamp="20230308 17:55:45.134" level="INFO">Typing text 'harvyfc_27@yahoo.com' into text field '//input[@id="ap_email"]'.</msg>
<status status="PASS" starttime="20230308 17:55:45.134" endtime="20230308 17:55:45.333"/>
</kw>
<status status="PASS" starttime="20230308 17:55:45.079" endtime="20230308 17:55:45.333"/>
</kw>
<kw name="Wait and click element" library="GlobalKeywords">
<arg>${continueButton}</arg>
<kw name="Wait Until Element Is Visible" library="SeleniumLibrary">
<arg>${Locator}</arg>
<doc>Waits until the element ``locator`` is visible.</doc>
<status status="PASS" starttime="20230308 17:55:45.334" endtime="20230308 17:55:45.373"/>
</kw>
<kw name="Click Element" library="SeleniumLibrary">
<arg>${Locator}</arg>
<doc>Click the element identified by ``locator``.</doc>
<msg timestamp="20230308 17:55:45.374" level="INFO">Clicking element '//input[@id="continue"]'.</msg>
<status status="PASS" starttime="20230308 17:55:45.373" endtime="20230308 17:55:46.868"/>
</kw>
<status status="PASS" starttime="20230308 17:55:45.334" endtime="20230308 17:55:46.868"/>
</kw>
<status status="PASS" starttime="20230308 17:55:45.079" endtime="20230308 17:55:46.868"/>
</kw>
<kw name="Enter Password then sign in" library="SignInPageKeywords">
<arg>${validPassword}</arg>
<kw name="Enter Password" library="GlobalKeywords">
<arg>${passwordField}</arg>
<arg>${Password}</arg>
<kw name="Wait Until Element Is Visible" library="SeleniumLibrary">
<arg>${Locator}</arg>
<doc>Waits until the element ``locator`` is visible.</doc>
<status status="PASS" starttime="20230308 17:55:46.868" endtime="20230308 17:55:46.917"/>
</kw>
<kw name="Input Password" library="SeleniumLibrary">
<arg>${Locator}</arg>
<arg>${Value}</arg>
<doc>Types the given password into the text field identified by ``locator``.</doc>
<msg timestamp="20230308 17:55:46.917" level="INFO">Typing password into text field '//input[@id="ap_password"]'.</msg>
<msg timestamp="20230308 17:55:46.974" level="INFO">Temporally setting log level to: NONE</msg>
<msg timestamp="20230308 17:55:47.067" level="INFO">Log level changed from NONE to INFO.</msg>
<status status="PASS" starttime="20230308 17:55:46.917" endtime="20230308 17:55:47.067"/>
</kw>
<status status="PASS" starttime="20230308 17:55:46.868" endtime="20230308 17:55:47.067"/>
</kw>
<kw name="Wait and click element" library="GlobalKeywords">
<arg>${signInButton}</arg>
<kw name="Wait Until Element Is Visible" library="SeleniumLibrary">
<arg>${Locator}</arg>
<doc>Waits until the element ``locator`` is visible.</doc>
<status status="PASS" starttime="20230308 17:55:47.067" endtime="20230308 17:55:47.094"/>
</kw>
<kw name="Click Element" library="SeleniumLibrary">
<arg>${Locator}</arg>
<doc>Click the element identified by ``locator``.</doc>
<msg timestamp="20230308 17:55:47.094" level="INFO">Clicking element '//input[@id="signInSubmit"]'.</msg>
<status status="PASS" starttime="20230308 17:55:47.094" endtime="20230308 17:55:47.342"/>
</kw>
<status status="PASS" starttime="20230308 17:55:47.067" endtime="20230308 17:55:47.343"/>
</kw>
<status status="PASS" starttime="20230308 17:55:46.868" endtime="20230308 17:55:47.343"/>
</kw>
<kw name="Skip Add mobile if present" library="SignInPageKeywords">
<kw name="Run Keyword And Return Status" library="BuiltIn">
<var>${element_visible}</var>
<arg>Wait Until Element Is Visible</arg>
<arg>${addPhoneSkipLink}</arg>
<doc>Runs the given keyword with given arguments and returns the status as a Boolean value.</doc>
<kw name="Wait Until Element Is Visible" library="SeleniumLibrary">
<arg>${addPhoneSkipLink}</arg>
<doc>Waits until the element ``locator`` is visible.</doc>
<msg timestamp="20230308 17:55:52.805" level="INFO" html="true">&lt;/td&gt;&lt;/tr&gt;&lt;tr&gt;&lt;td colspan="3"&gt;&lt;a href="selenium-screenshot-4.png"&gt;&lt;img src="selenium-screenshot-4.png" width="800px"&gt;&lt;/a&gt;</msg>
<msg timestamp="20230308 17:55:52.805" level="FAIL">Element '//a[@id="ap-account-fixup-phone-skip-link"]' not visible after 5 seconds.</msg>
<status status="FAIL" starttime="20230308 17:55:47.344" endtime="20230308 17:55:52.839"/>
</kw>
<msg timestamp="20230308 17:55:52.839" level="INFO">${element_visible} = False</msg>
<status status="PASS" starttime="20230308 17:55:47.343" endtime="20230308 17:55:52.839"/>
</kw>
<kw name="Run Keyword If" library="BuiltIn">
<arg>'${element_visible}'=='True'</arg>
<arg>Click Element</arg>
<arg>${addPhoneSkipLink}</arg>
<doc>Runs the given keyword with the given arguments, if ``condition`` is true.</doc>
<status status="PASS" starttime="20230308 17:55:52.839" endtime="20230308 17:55:52.839"/>
</kw>
<status status="PASS" starttime="20230308 17:55:47.343" endtime="20230308 17:55:52.839"/>
</kw>
<status status="PASS" starttime="20230308 17:55:43.940" endtime="20230308 17:55:52.839"/>
</kw>
<kw name="Then login should be successful" library="MainPageSteps">
<kw name="Webpage title should contain text" library="GlobalKeywords">
<arg>${AmazonMainPageTitle}</arg>
<kw name="Capture Page Screenshot" library="SeleniumLibrary">
<doc>Takes a screenshot of the current page and embeds it into a log file.</doc>
<msg timestamp="20230308 17:55:53.268" level="INFO" html="true">&lt;/td&gt;&lt;/tr&gt;&lt;tr&gt;&lt;td colspan="3"&gt;&lt;a href="selenium-screenshot-5.png"&gt;&lt;img src="selenium-screenshot-5.png" width="800px"&gt;&lt;/a&gt;</msg>
<status status="PASS" starttime="20230308 17:55:52.853" endtime="20230308 17:55:53.268"/>
</kw>
<kw name="Get Title" library="SeleniumLibrary">
<var>${actual}</var>
<doc>Returns the title of the current page.</doc>
<msg timestamp="20230308 17:55:53.283" level="INFO">${actual} = Amazon Sign-In</msg>
<status status="PASS" starttime="20230308 17:55:53.268" endtime="20230308 17:55:53.283"/>
</kw>
<kw name="Should Contain" library="BuiltIn">
<arg>${actual}</arg>
<arg>${expected}</arg>
<doc>Fails if ``container`` does not contain ``item`` one or more times.</doc>
<msg timestamp="20230308 17:55:53.283" level="FAIL">'Amazon Sign-In' does not contain 'Amazon.com. Spend less. Smile more.'</msg>
<status status="FAIL" starttime="20230308 17:55:53.283" endtime="20230308 17:55:53.283"/>
</kw>
<status status="FAIL" starttime="20230308 17:55:52.852" endtime="20230308 17:55:53.283"/>
</kw>
<kw name="Account name should be displayed" library="MainPageKeywords">
<status status="NOT RUN" starttime="20230308 17:55:53.283" endtime="20230308 17:55:53.283"/>
</kw>
<status status="FAIL" starttime="20230308 17:55:52.839" endtime="20230308 17:55:53.283"/>
</kw>
<kw name="Signout of Amazon" library="MainPageKeywords" type="TEARDOWN">
<kw name="Mouse Over" library="SeleniumLibrary">
<arg>${accountsAndListsLink}</arg>
<doc>Simulates hovering the mouse over the element ``locator``.</doc>
<msg timestamp="20230308 17:55:53.283" level="INFO">Simulating Mouse Over on element '//a[@id="nav-link-accountList"]'.</msg>
<msg timestamp="20230308 17:55:53.730" level="INFO" html="true">&lt;/td&gt;&lt;/tr&gt;&lt;tr&gt;&lt;td colspan="3"&gt;&lt;a href="selenium-screenshot-6.png"&gt;&lt;img src="selenium-screenshot-6.png" width="800px"&gt;&lt;/a&gt;</msg>
<msg timestamp="20230308 17:55:53.730" level="FAIL">Element with locator '//a[@id="nav-link-accountList"]' not found.</msg>
<status status="FAIL" starttime="20230308 17:55:53.283" endtime="20230308 17:55:53.748"/>
</kw>
<kw name="Wait and click element" library="GlobalKeywords">
<arg>${signOutLink}</arg>
<kw name="Wait Until Element Is Visible" library="SeleniumLibrary">
<arg>${Locator}</arg>
<doc>Waits until the element ``locator`` is visible.</doc>
<msg timestamp="20230308 17:55:54.213" level="INFO" html="true">&lt;/td&gt;&lt;/tr&gt;&lt;tr&gt;&lt;td colspan="3"&gt;&lt;a href="selenium-screenshot-7.png"&gt;&lt;img src="selenium-screenshot-7.png" width="800px"&gt;&lt;/a&gt;</msg>
<msg timestamp="20230308 17:55:54.213" level="FAIL">InvalidSelectorException: Message: invalid selector: An invalid or illegal selector was specified
  (Session info: chrome=110.0.5481.178)
Stacktrace:
Backtrace:
	(No symbol) [0x00E837D3]
	(No symbol) [0x00E18B81]
	(No symbol) [0x00D1B36D]
	(No symbol) [0x00D1E0FB]
	(No symbol) [0x00D1DFD0]
	(No symbol) [0x00D1E250]
	(No symbol) [0x00D4CFEC]
	(No symbol) [0x00D4D4BB]
	(No symbol) [0x00D8333C]
	(No symbol) [0x00D6B464]
	(No symbol) [0x00D81215]
	(No symbol) [0x00D6B216]
	(No symbol) [0x00D40D97]
	(No symbol) [0x00D4253D]
	GetHandleVerifier [0x010FABF2+2510930]
	GetHandleVerifier [0x01128EC1+2700065]
	GetHandleVerifier [0x0112C86C+2714828]
	GetHandleVerifier [0x00F33480+645344]
	(No symbol) [0x00E20FD2]
	(No symbol) [0x00E26C68]
	(No symbol) [0x00E26D4B]
	(No symbol) [0x00E30D6B]
	timeGetTime [0x75D6B818+675496]
	timeGetTime [0x75CCEDFC+33932]
	fltused [0x771D9290+500876]
	fltused [0x771D91F8+500724]
	fltused [0x772970FC+1278712]
</msg>
<status status="FAIL" starttime="20230308 17:55:53.748" endtime="20230308 17:55:54.225"/>
</kw>
<kw name="Click Element" library="SeleniumLibrary">
<arg>${Locator}</arg>
<doc>Click the element identified by ``locator``.</doc>
<msg timestamp="20230308 17:55:54.225" level="INFO">Clicking element 'id="nav-item-signout"'.</msg>
<msg timestamp="20230308 17:55:54.673" level="INFO" html="true">&lt;/td&gt;&lt;/tr&gt;&lt;tr&gt;&lt;td colspan="3"&gt;&lt;a href="selenium-screenshot-8.png"&gt;&lt;img src="selenium-screenshot-8.png" width="800px"&gt;&lt;/a&gt;</msg>
<msg timestamp="20230308 17:55:54.673" level="FAIL">InvalidSelectorException: Message: invalid selector: An invalid or illegal selector was specified
  (Session info: chrome=110.0.5481.178)
Stacktrace:
Backtrace:
	(No symbol) [0x00E837D3]
	(No symbol) [0x00E18B81]
	(No symbol) [0x00D1B36D]
	(No symbol) [0x00D1E0FB]
	(No symbol) [0x00D1DFD0]
	(No symbol) [0x00D1E250]
	(No symbol) [0x00D4CFEC]
	(No symbol) [0x00D4D4BB]
	(No symbol) [0x00D8333C]
	(No symbol) [0x00D6B464]
	(No symbol) [0x00D81215]
	(No symbol) [0x00D6B216]
	(No symbol) [0x00D40D97]
	(No symbol) [0x00D4253D]
	GetHandleVerifier [0x010FABF2+2510930]
	GetHandleVerifier [0x01128EC1+2700065]
	GetHandleVerifier [0x0112C86C+2714828]
	GetHandleVerifier [0x00F33480+645344]
	(No symbol) [0x00E20FD2]
	(No symbol) [0x00E26C68]
	(No symbol) [0x00E26D4B]
	(No symbol) [0x00E30D6B]
	timeGetTime [0x75D6B818+675496]
	timeGetTime [0x75CCEDFC+33932]
	fltused [0x771D9290+500876]
	fltused [0x771D91F8+500724]
	fltused [0x772970FC+1278712]
</msg>
<status status="FAIL" starttime="20230308 17:55:54.225" endtime="20230308 17:55:54.673"/>
</kw>
<status status="FAIL" starttime="20230308 17:55:53.748" endtime="20230308 17:55:54.673"/>
</kw>
<status status="FAIL" starttime="20230308 17:55:53.283" endtime="20230308 17:55:54.673">Several failures occurred:

1) Element with locator '//a[@id="nav-link-accountList"]' not found.

2) InvalidSelectorException: Message: invalid selector: An invalid or illegal selector was specified
  (Session info: chrome=110.0.5481.178)
Stacktrace:
Backtrace:
	(No symbol) [0x00E837D3]
	(No symbol) [0x00E18B81]
	(No symbol) [0x00D1B36D]
	(No symbol) [0x00D1E0FB]
	(No symbol) [0x00D1DFD0]
	(No symbol) [0x00D1E250]
	(No symbol) [0x00D4CFEC]
	(No symbol) [0x00D4D4BB]
	(No symbol) [0x00D8333C]
	(No symbol) [0x00D6B464]
	(No symbol) [0x00D81215]
    [ Message content over the limit has been removed. ]
	(No symbol) [0x00D4D4BB]
	(No symbol) [0x00D8333C]
	(No symbol) [0x00D6B464]
	(No symbol) [0x00D81215]
	(No symbol) [0x00D6B216]
	(No symbol) [0x00D40D97]
	(No symbol) [0x00D4253D]
	GetHandleVerifier [0x010FABF2+2510930]
	GetHandleVerifier [0x01128EC1+2700065]
	GetHandleVerifier [0x0112C86C+2714828]
	GetHandleVerifier [0x00F33480+645344]
	(No symbol) [0x00E20FD2]
	(No symbol) [0x00E26C68]
	(No symbol) [0x00E26D4B]
	(No symbol) [0x00E30D6B]
	timeGetTime [0x75D6B818+675496]
	timeGetTime [0x75CCEDFC+33932]
	fltused [0x771D9290+500876]
	fltused [0x771D91F8+500724]
	fltused [0x772970FC+1278712]</status>
</kw>
<status status="FAIL" starttime="20230308 17:55:36.541" endtime="20230308 17:55:54.673">'Amazon Sign-In' does not contain 'Amazon.com. Spend less. Smile more.'

Also teardown failed:
Several failures occurred:

1) Element with locator '//a[@id="nav-link-accountList"]' not found.

2) InvalidSelectorException: Message: invalid selector: An invalid or illegal selector was specified
  (Session info: chrome=110.0.5481.178)
Stacktrace:
Backtrace:
	(No symbol) [0x00E837D3]
	(No symbol) [0x00E18B81]
	(No symbol) [0x00D1B36D]
	(No symbol) [0x00D1E0FB]
	(No symbol) [0x00D1DFD0]
	(No symbol) [0x00D1E250]
	(No symbol) [0x00D4CFEC]
	(No symbol) [0x00D4D4BB]
	(No symbol) [0x00D8333C]
	(No symbol) [0x00D6B464]
	(No symbol) [0x00D81215]
    [ Message content over the limit has been removed. ]
	(No symbol) [0x00D4D4BB]
	(No symbol) [0x00D8333C]
	(No symbol) [0x00D6B464]
	(No symbol) [0x00D81215]
	(No symbol) [0x00D6B216]
	(No symbol) [0x00D40D97]
	(No symbol) [0x00D4253D]
	GetHandleVerifier [0x010FABF2+2510930]
	GetHandleVerifier [0x01128EC1+2700065]
	GetHandleVerifier [0x0112C86C+2714828]
	GetHandleVerifier [0x00F33480+645344]
	(No symbol) [0x00E20FD2]
	(No symbol) [0x00E26C68]
	(No symbol) [0x00E26D4B]
	(No symbol) [0x00E30D6B]
	timeGetTime [0x75D6B818+675496]
	timeGetTime [0x75CCEDFC+33932]
	fltused [0x771D9290+500876]
	fltused [0x771D91F8+500724]
	fltused [0x772970FC+1278712]</status>
</test>
<kw name="Close Browser" library="SeleniumLibrary" type="TEARDOWN">
<doc>Closes the current browser.</doc>
<status status="PASS" starttime="20230308 17:55:54.688" endtime="20230308 17:55:57.010"/>
</kw>
<status status="FAIL" starttime="20230308 17:55:18.018" endtime="20230308 17:55:57.010"/>
</suite>
<suite id="s1-s1-s2" name="CheckResultsListPaginationFunctionality" source="C:\Users\harvysanpedro\PycharmProjects\Test\Tests\Tests\CheckResultsListPaginationFunctionality.robot">
<kw name="Open Browser and Maximize" library="GlobalKeywords" type="SETUP">
<kw name="Open Browser" library="SeleniumLibrary">
<arg>https://www.google.com</arg>
<arg>${Browser}</arg>
<doc>Opens a new browser instance to the optional ``url``.</doc>
<msg timestamp="20230308 17:55:57.026" level="INFO">Opening browser 'gc' to base url 'https://www.google.com'.</msg>
<status status="PASS" starttime="20230308 17:55:57.026" endtime="20230308 17:56:00.273"/>
</kw>
<kw name="Maximize Browser Window" library="SeleniumLibrary">
<doc>Maximizes current browser window.</doc>
<status status="PASS" starttime="20230308 17:56:00.274" endtime="20230308 17:56:00.401"/>
</kw>
<kw name="Sleep" library="BuiltIn">
<arg>2000ms</arg>
<doc>Pauses the test executed for the given time.</doc>
<msg timestamp="20230308 17:56:02.401" level="INFO">Slept 2 seconds</msg>
<status status="PASS" starttime="20230308 17:56:00.401" endtime="20230308 17:56:02.401"/>
</kw>
<status status="PASS" starttime="20230308 17:55:57.026" endtime="20230308 17:56:02.401"/>
</kw>
<test id="s1-s1-s2-t1" name="Search Books via keyword with Language Filter" line="7">
<kw name="Given User Is At Amazon Webpage" library="MainPageSteps">
<kw name="Search and select Amazon on google" library="GlobalKeywords">
<kw name="Go To" library="SeleniumLibrary">
<arg>https://www.google.com</arg>
<doc>Navigates the current browser window to the provided ``url``.</doc>
<msg timestamp="20230308 17:56:02.401" level="INFO">Opening url 'https://www.google.com'</msg>
<status status="PASS" starttime="20230308 17:56:02.401" endtime="20230308 17:56:03.272"/>
</kw>
<kw name="Enter Text" library="GlobalKeywords">
<arg>//*[@title="Search"]</arg>
<arg>Amazon</arg>
<kw name="Wait Until Element Is Visible" library="SeleniumLibrary">
<arg>${Locator}</arg>
<doc>Waits until the element ``locator`` is visible.</doc>
<status status="PASS" starttime="20230308 17:56:03.273" endtime="20230308 17:56:03.321"/>
</kw>
<kw name="Input Text" library="SeleniumLibrary">
<arg>${Locator}</arg>
<arg>${Value}</arg>
<doc>Types the given ``text`` into the text field identified by ``locator``.</doc>
<msg timestamp="20230308 17:56:03.322" level="INFO">Typing text 'Amazon' into text field '//*[@title="Search"]'.</msg>
<status status="PASS" starttime="20230308 17:56:03.322" endtime="20230308 17:56:03.526"/>
</kw>
<status status="PASS" starttime="20230308 17:56:03.273" endtime="20230308 17:56:03.526"/>
</kw>
<kw name="Press Keys" library="SeleniumLibrary">
<arg>//*[@title="Search"]</arg>
<arg>ENTER</arg>
<doc>Simulates the user pressing key(s) to an element or on the active browser.</doc>
<msg timestamp="20230308 17:56:03.527" level="INFO">Sending key(s) ('ENTER',) to //*[@title="Search"] element.</msg>
<msg timestamp="20230308 17:56:03.955" level="INFO">Pressing special key ENTER to element.</msg>
<msg timestamp="20230308 17:56:03.955" level="INFO">Releasing special key ENTER.</msg>
<status status="PASS" starttime="20230308 17:56:03.526" endtime="20230308 17:56:06.935"/>
</kw>
<kw name="Wait and click element" library="GlobalKeywords">
<arg>//*[contains(text(), "Amazon.com")]</arg>
<kw name="Wait Until Element Is Visible" library="SeleniumLibrary">
<arg>${Locator}</arg>
<doc>Waits until the element ``locator`` is visible.</doc>
<status status="PASS" starttime="20230308 17:56:06.935" endtime="20230308 17:56:06.990"/>
</kw>
<kw name="Click Element" library="SeleniumLibrary">
<arg>${Locator}</arg>
<doc>Click the element identified by ``locator``.</doc>
<msg timestamp="20230308 17:56:06.990" level="INFO">Clicking element '//*[contains(text(), "Amazon.com")]'.</msg>
<status status="PASS" starttime="20230308 17:56:06.990" endtime="20230308 17:56:09.293"/>
</kw>
<status status="PASS" starttime="20230308 17:56:06.935" endtime="20230308 17:56:09.293"/>
</kw>
<status status="PASS" starttime="20230308 17:56:02.401" endtime="20230308 17:56:09.293"/>
</kw>
<kw name="Webpage title should contain text" library="GlobalKeywords">
<arg>${AmazonMainPageTitle}</arg>
<kw name="Capture Page Screenshot" library="SeleniumLibrary">
<doc>Takes a screenshot of the current page and embeds it into a log file.</doc>
<msg timestamp="20230308 17:56:10.277" level="INFO" html="true">&lt;/td&gt;&lt;/tr&gt;&lt;tr&gt;&lt;td colspan="3"&gt;&lt;a href="selenium-screenshot-9.png"&gt;&lt;img src="selenium-screenshot-9.png" width="800px"&gt;&lt;/a&gt;</msg>
<status status="PASS" starttime="20230308 17:56:09.294" endtime="20230308 17:56:10.277"/>
</kw>
<kw name="Get Title" library="SeleniumLibrary">
<var>${actual}</var>
<doc>Returns the title of the current page.</doc>
<msg timestamp="20230308 17:56:10.285" level="INFO">${actual} = Amazon.com. Spend less. Smile more.</msg>
<status status="PASS" starttime="20230308 17:56:10.278" endtime="20230308 17:56:10.285"/>
</kw>
<kw name="Should Contain" library="BuiltIn">
<arg>${actual}</arg>
<arg>${expected}</arg>
<doc>Fails if ``container`` does not contain ``item`` one or more times.</doc>
<status status="PASS" starttime="20230308 17:56:10.285" endtime="20230308 17:56:10.285"/>
</kw>
<status status="PASS" starttime="20230308 17:56:09.293" endtime="20230308 17:56:10.285"/>
</kw>
<status status="PASS" starttime="20230308 17:56:02.401" endtime="20230308 17:56:10.285"/>
</kw>
<kw name="When user searches for Keyword apple in Department Books" library="MainPageSteps" sourcename="user searches for Keyword ${Keyword} in Department ${Department}">
<kw name="Select Department" library="MainPageKeywords">
<arg>${Department}</arg>
<kw name="Select From List By Label" library="SeleniumLibrary">
<arg>${departmentDropdownSelect}</arg>
<arg>${Department}</arg>
<doc>Selects options from selection list ``locator`` by ``labels``.</doc>
<msg timestamp="20230308 17:56:10.287" level="INFO">Selecting options from selection list '//select[@id="searchDropdownBox"]' by label Books.</msg>
<status status="PASS" starttime="20230308 17:56:10.287" endtime="20230308 17:56:10.489"/>
</kw>
<status status="PASS" starttime="20230308 17:56:10.287" endtime="20230308 17:56:10.489"/>
</kw>
<kw name="Search keyword" library="MainPageKeywords">
<arg>${Keyword}</arg>
<kw name="Enter Text" library="GlobalKeywords">
<arg>${searchField}</arg>
<arg>${Keyword}</arg>
<kw name="Wait Until Element Is Visible" library="SeleniumLibrary">
<arg>${Locator}</arg>
<doc>Waits until the element ``locator`` is visible.</doc>
<status status="PASS" starttime="20230308 17:56:10.490" endtime="20230308 17:56:10.558"/>
</kw>
<kw name="Input Text" library="SeleniumLibrary">
<arg>${Locator}</arg>
<arg>${Value}</arg>
<doc>Types the given ``text`` into the text field identified by ``locator``.</doc>
<msg timestamp="20230308 17:56:10.559" level="INFO">Typing text 'apple' into text field '//input[@id="twotabsearchtextbox"]'.</msg>
<status status="PASS" starttime="20230308 17:56:10.558" endtime="20230308 17:56:10.699"/>
</kw>
<status status="PASS" starttime="20230308 17:56:10.490" endtime="20230308 17:56:10.699"/>
</kw>
<kw name="Wait and click element" library="GlobalKeywords">
<arg>${searchSubmitButton}</arg>
<kw name="Wait Until Element Is Visible" library="SeleniumLibrary">
<arg>${Locator}</arg>
<doc>Waits until the element ``locator`` is visible.</doc>
<status status="PASS" starttime="20230308 17:56:10.699" endtime="20230308 17:56:10.760"/>
</kw>
<kw name="Click Element" library="SeleniumLibrary">
<arg>${Locator}</arg>
<doc>Click the element identified by ``locator``.</doc>
<msg timestamp="20230308 17:56:10.761" level="INFO">Clicking element '//input[@id="nav-search-submit-button"]'.</msg>
<status status="PASS" starttime="20230308 17:56:10.761" endtime="20230308 17:56:15.345"/>
</kw>
<status status="PASS" starttime="20230308 17:56:10.699" endtime="20230308 17:56:15.345"/>
</kw>
<status status="PASS" starttime="20230308 17:56:10.489" endtime="20230308 17:56:15.345"/>
</kw>
<status status="PASS" starttime="20230308 17:56:10.286" endtime="20230308 17:56:15.345"/>
</kw>
<kw name="And user filters to English Language" library="SearchResultsPageSteps" sourcename="user filters to ${Filter} Language">
<kw name="Select a filter for the results list" library="SearchResultsPageKeywords">
<arg>${Filter}</arg>
<arg>Language</arg>
<kw name="Set Variable" library="BuiltIn">
<var>${checkbox}</var>
<arg>//div[@id="filters"]//*[contains(text(), "${FilterValue}")]/../following-sibling::ul[1]//*[contains(text(), "${FilterList}")]</arg>
<doc>Returns the given values which can then be assigned to a variables.</doc>
<msg timestamp="20230308 17:56:15.347" level="INFO">${checkbox} = //div[@id="filters"]//*[contains(text(), "Language")]/../following-sibling::ul[1]//*[contains(text(), "English")]</msg>
<status status="PASS" starttime="20230308 17:56:15.347" endtime="20230308 17:56:15.347"/>
</kw>
<kw name="Scroll to Element" library="GlobalKeywords">
<arg>${checkbox}</arg>
<kw name="Scroll Element Into View" library="SeleniumLibrary">
<arg>${Locator}</arg>
<doc>Scrolls the element identified by ``locator`` into view.</doc>
<status status="PASS" starttime="20230308 17:56:15.348" endtime="20230308 17:56:15.704"/>
</kw>
<kw name="Get WebElement" library="SeleniumLibrary">
<var>${element}</var>
<arg>${Locator}</arg>
<doc>Returns the first WebElement matching the given ``locator``.</doc>
<msg timestamp="20230308 17:56:15.724" level="INFO">${element} = &lt;selenium.webdriver.remote.webelement.WebElement (session="4031d09fcbec8f90b447c03bb868e38e", element="c768e2cc-e759-45a1-b040-08d0734a8875")&gt;</msg>
<status status="PASS" starttime="20230308 17:56:15.705" endtime="20230308 17:56:15.724"/>
</kw>
<kw name="Execute Javascript" library="SeleniumLibrary">
<arg>window.scroll(0, ${element.location['y']} - (window.innerHeight / 2))</arg>
<doc>Executes the given JavaScript code with possible arguments.</doc>
<msg timestamp="20230308 17:56:15.749" level="INFO">Executing JavaScript:
window.scroll(0, 1617 - (window.innerHeight / 2))
Without any arguments.</msg>
<status status="PASS" starttime="20230308 17:56:15.725" endtime="20230308 17:56:15.934"/>
</kw>
<kw name="Capture Page Screenshot" library="SeleniumLibrary">
<doc>Takes a screenshot of the current page and embeds it into a log file.</doc>
<msg timestamp="20230308 17:56:16.493" level="INFO" html="true">&lt;/td&gt;&lt;/tr&gt;&lt;tr&gt;&lt;td colspan="3"&gt;&lt;a href="selenium-screenshot-10.png"&gt;&lt;img src="selenium-screenshot-10.png" width="800px"&gt;&lt;/a&gt;</msg>
<status status="PASS" starttime="20230308 17:56:15.934" endtime="20230308 17:56:16.493"/>
</kw>
<status status="PASS" starttime="20230308 17:56:15.347" endtime="20230308 17:56:16.493"/>
</kw>
<kw name="Wait and click element" library="GlobalKeywords">
<arg>${checkbox}</arg>
<kw name="Wait Until Element Is Visible" library="SeleniumLibrary">
<arg>${Locator}</arg>
<doc>Waits until the element ``locator`` is visible.</doc>
<status status="PASS" starttime="20230308 17:56:16.494" endtime="20230308 17:56:16.528"/>
</kw>
<kw name="Click Element" library="SeleniumLibrary">
<arg>${Locator}</arg>
<doc>Click the element identified by ``locator``.</doc>
<msg timestamp="20230308 17:56:16.528" level="INFO">Clicking element '//div[@id="filters"]//*[contains(text(), "Language")]/../following-sibling::ul[1]//*[contains(text(), "English")]'.</msg>
<status status="PASS" starttime="20230308 17:56:16.528" endtime="20230308 17:56:20.436"/>
</kw>
<status status="PASS" starttime="20230308 17:56:16.493" endtime="20230308 17:56:20.437"/>
</kw>
<status status="PASS" starttime="20230308 17:56:15.347" endtime="20230308 17:56:20.437"/>
</kw>
<status status="PASS" starttime="20230308 17:56:15.346" endtime="20230308 17:56:20.437"/>
</kw>
<kw name="Then Results displays 16 items for search results with more than 16 items" library="SearchResultsPageSteps">
<kw name="Get total number of search results" library="SearchResultsPageKeywords">
<var>${TotalItems}</var>
<kw name="Get Text" library="SeleniumLibrary">
<var>${text}</var>
<arg>${totalNumberOfResultsText}</arg>
<doc>Returns the text value of the element identified by ``locator``.</doc>
<msg timestamp="20230308 17:56:20.499" level="INFO">${text} = 1-16 of over 50,000 results for</msg>
<status status="PASS" starttime="20230308 17:56:20.439" endtime="20230308 17:56:20.499"/>
</kw>
<kw name="Replace String" library="String">
<var>${text}</var>
<arg>${text}</arg>
<arg>results for</arg>
<arg>${EMPTY}</arg>
<doc>Replaces ``search_for`` in the given ``string`` with ``replace_with``.</doc>
<msg timestamp="20230308 17:56:20.500" level="INFO">${text} = 1-16 of over 50,000 </msg>
<status status="PASS" starttime="20230308 17:56:20.499" endtime="20230308 17:56:20.500"/>
</kw>
<kw name="Replace String" library="String">
<var>${text}</var>
<arg>${text}</arg>
<arg>1-16 of over</arg>
<arg>${EMPTY}</arg>
<doc>Replaces ``search_for`` in the given ``string`` with ``replace_with``.</doc>
<msg timestamp="20230308 17:56:20.501" level="INFO">${text} =  50,000 </msg>
<status status="PASS" starttime="20230308 17:56:20.500" endtime="20230308 17:56:20.501"/>
</kw>
<kw name="Replace String" library="String">
<var>${text}</var>
<arg>${text}</arg>
<arg>1-16 of</arg>
<arg>${EMPTY}</arg>
<doc>Replaces ``search_for`` in the given ``string`` with ``replace_with``.</doc>
<msg timestamp="20230308 17:56:20.501" level="INFO">${text} =  50,000 </msg>
<status status="PASS" starttime="20230308 17:56:20.501" endtime="20230308 17:56:20.501"/>
</kw>
<kw name="Replace String" library="String">
<var>${text}</var>
<arg>${text}</arg>
<arg>,</arg>
<arg>${EMPTY}</arg>
<doc>Replaces ``search_for`` in the given ``string`` with ``replace_with``.</doc>
<msg timestamp="20230308 17:56:20.502" level="INFO">${text} =  50000 </msg>
<status status="PASS" starttime="20230308 17:56:20.501" endtime="20230308 17:56:20.502"/>
</kw>
<kw name="Remove String" library="String">
<var>${text}</var>
<arg>${text}</arg>
<arg>TRIM</arg>
<doc>Removes all ``removables`` from the given ``string``.</doc>
<msg timestamp="20230308 17:56:20.502" level="INFO">${text} =  50000 </msg>
<status status="PASS" starttime="20230308 17:56:20.502" endtime="20230308 17:56:20.502"/>
</kw>
<kw name="Convert To Integer" library="BuiltIn">
<var>${number}</var>
<arg>${text}</arg>
<doc>Converts the given item to an integer number.</doc>
<msg timestamp="20230308 17:56:20.502" level="INFO">${number} = 50000</msg>
<status status="PASS" starttime="20230308 17:56:20.502" endtime="20230308 17:56:20.503"/>
</kw>
<msg timestamp="20230308 17:56:20.503" level="INFO">${TotalItems} = 50000</msg>
<status status="PASS" starttime="20230308 17:56:20.439" endtime="20230308 17:56:20.503"/>
</kw>
<kw name="Get the number of displayed search results" library="SearchResultsPageKeywords">
<var>${DisplayedItems}</var>
<kw name="Wait Until Element Is Visible" library="SeleniumLibrary">
<arg>${searchResultsIndividualItemList}</arg>
<doc>Waits until the element ``locator`` is visible.</doc>
<status status="PASS" starttime="20230308 17:56:20.503" endtime="20230308 17:56:20.552"/>
</kw>
<kw name="Get Element Count" library="SeleniumLibrary">
<var>${count}</var>
<arg>${searchResultsIndividualItemList}</arg>
<doc>Returns the number of elements matching ``locator``.</doc>
<msg timestamp="20230308 17:56:20.565" level="INFO">${count} = 16</msg>
<status status="PASS" starttime="20230308 17:56:20.552" endtime="20230308 17:56:20.565"/>
</kw>
<kw name="Convert To Integer" library="BuiltIn">
<var>${count}</var>
<arg>${count}</arg>
<doc>Converts the given item to an integer number.</doc>
<msg timestamp="20230308 17:56:20.566" level="INFO">${count} = 16</msg>
<status status="PASS" starttime="20230308 17:56:20.565" endtime="20230308 17:56:20.566"/>
</kw>
<msg timestamp="20230308 17:56:20.566" level="INFO">${DisplayedItems} = 16</msg>
<status status="PASS" starttime="20230308 17:56:20.503" endtime="20230308 17:56:20.566"/>
</kw>
<kw name="Set Variable If" library="BuiltIn">
<var>${is_greater}</var>
<arg>${TotalItems} &gt; 16</arg>
<arg>True</arg>
<arg>False</arg>
<doc>Sets variable based on the given condition.</doc>
<msg timestamp="20230308 17:56:20.566" level="INFO">${is_greater} = True</msg>
<status status="PASS" starttime="20230308 17:56:20.566" endtime="20230308 17:56:20.566"/>
</kw>
<kw name="Should Be True" library="BuiltIn">
<arg>${is_greater}</arg>
<doc>Fails if the given condition is not true.</doc>
<status status="PASS" starttime="20230308 17:56:20.566" endtime="20230308 17:56:20.567"/>
</kw>
<kw name="Should Be Equal As Integers" library="BuiltIn">
<arg>${DisplayedItems}</arg>
<arg>16</arg>
<doc>Fails if objects are unequal after converting them to integers.</doc>
<msg timestamp="20230308 17:56:20.567" level="INFO">Argument types are:
&lt;class 'int'&gt;
&lt;class 'str'&gt;</msg>
<status status="PASS" starttime="20230308 17:56:20.567" endtime="20230308 17:56:20.567"/>
</kw>
<status status="PASS" starttime="20230308 17:56:20.439" endtime="20230308 17:56:20.567"/>
</kw>
<kw name="And Pagination should be displayed" library="SearchResultsPageSteps">
<kw name="Wait Until Element Is Visible" library="SeleniumLibrary">
<arg>${pagination}</arg>
<doc>Waits until the element ``locator`` is visible.</doc>
<status status="PASS" starttime="20230308 17:56:20.568" endtime="20230308 17:56:20.602"/>
</kw>
<kw name="Capture Element Screenshot" library="SeleniumLibrary">
<arg>${pagination}</arg>
<doc>Captures a screenshot from the element identified by ``locator`` and embeds it into log file.</doc>
<msg timestamp="20230308 17:56:20.942" level="INFO" html="true">&lt;/td&gt;&lt;/tr&gt;&lt;tr&gt;&lt;td colspan="3"&gt;&lt;a href="selenium-element-screenshot-1.png"&gt;&lt;img src="selenium-element-screenshot-1.png" width="400px"&gt;&lt;/a&gt;</msg>
<status status="PASS" starttime="20230308 17:56:20.602" endtime="20230308 17:56:20.942"/>
</kw>
<status status="PASS" starttime="20230308 17:56:20.568" endtime="20230308 17:56:20.942"/>
</kw>
<status status="PASS" starttime="20230308 17:56:02.401" endtime="20230308 17:56:20.943"/>
</test>
<kw name="Close Browser" library="SeleniumLibrary" type="TEARDOWN">
<doc>Closes the current browser.</doc>
<status status="PASS" starttime="20230308 17:56:20.944" endtime="20230308 17:56:23.250"/>
</kw>
<status status="PASS" starttime="20230308 17:55:57.010" endtime="20230308 17:56:23.250"/>
</suite>
<suite id="s1-s1-s3" name="CheckResultsListSortFunctionality" source="C:\Users\harvysanpedro\PycharmProjects\Test\Tests\Tests\CheckResultsListSortFunctionality.robot">
<kw name="Open Browser and Maximize" library="GlobalKeywords" type="SETUP">
<kw name="Open Browser" library="SeleniumLibrary">
<arg>https://www.google.com</arg>
<arg>${Browser}</arg>
<doc>Opens a new browser instance to the optional ``url``.</doc>
<msg timestamp="20230308 17:56:23.266" level="INFO">Opening browser 'gc' to base url 'https://www.google.com'.</msg>
<status status="PASS" starttime="20230308 17:56:23.266" endtime="20230308 17:56:26.262"/>
</kw>
<kw name="Maximize Browser Window" library="SeleniumLibrary">
<doc>Maximizes current browser window.</doc>
<status status="PASS" starttime="20230308 17:56:26.262" endtime="20230308 17:56:26.390"/>
</kw>
<kw name="Sleep" library="BuiltIn">
<arg>2000ms</arg>
<doc>Pauses the test executed for the given time.</doc>
<msg timestamp="20230308 17:56:28.393" level="INFO">Slept 2 seconds</msg>
<status status="PASS" starttime="20230308 17:56:26.390" endtime="20230308 17:56:28.393"/>
</kw>
<status status="PASS" starttime="20230308 17:56:23.266" endtime="20230308 17:56:28.393"/>
</kw>
<test id="s1-s1-s3-t1" name="Search Books via keyword with Language Filter" line="7">
<kw name="Given user Is At Amazon Webpage" library="MainPageSteps">
<kw name="Search and select Amazon on google" library="GlobalKeywords">
<kw name="Go To" library="SeleniumLibrary">
<arg>https://www.google.com</arg>
<doc>Navigates the current browser window to the provided ``url``.</doc>
<msg timestamp="20230308 17:56:28.393" level="INFO">Opening url 'https://www.google.com'</msg>
<status status="PASS" starttime="20230308 17:56:28.393" endtime="20230308 17:56:29.107"/>
</kw>
<kw name="Enter Text" library="GlobalKeywords">
<arg>//*[@title="Search"]</arg>
<arg>Amazon</arg>
<kw name="Wait Until Element Is Visible" library="SeleniumLibrary">
<arg>${Locator}</arg>
<doc>Waits until the element ``locator`` is visible.</doc>
<status status="PASS" starttime="20230308 17:56:29.107" endtime="20230308 17:56:29.163"/>
</kw>
<kw name="Input Text" library="SeleniumLibrary">
<arg>${Locator}</arg>
<arg>${Value}</arg>
<doc>Types the given ``text`` into the text field identified by ``locator``.</doc>
<msg timestamp="20230308 17:56:29.164" level="INFO">Typing text 'Amazon' into text field '//*[@title="Search"]'.</msg>
<status status="PASS" starttime="20230308 17:56:29.163" endtime="20230308 17:56:29.442"/>
</kw>
<status status="PASS" starttime="20230308 17:56:29.107" endtime="20230308 17:56:29.442"/>
</kw>
<kw name="Press Keys" library="SeleniumLibrary">
<arg>//*[@title="Search"]</arg>
<arg>ENTER</arg>
<doc>Simulates the user pressing key(s) to an element or on the active browser.</doc>
<msg timestamp="20230308 17:56:29.442" level="INFO">Sending key(s) ('ENTER',) to //*[@title="Search"] element.</msg>
<msg timestamp="20230308 17:56:29.841" level="INFO">Pressing special key ENTER to element.</msg>
<msg timestamp="20230308 17:56:29.841" level="INFO">Releasing special key ENTER.</msg>
<status status="PASS" starttime="20230308 17:56:29.442" endtime="20230308 17:56:32.802"/>
</kw>
<kw name="Wait and click element" library="GlobalKeywords">
<arg>//*[contains(text(), "Amazon.com")]</arg>
<kw name="Wait Until Element Is Visible" library="SeleniumLibrary">
<arg>${Locator}</arg>
<doc>Waits until the element ``locator`` is visible.</doc>
<status status="PASS" starttime="20230308 17:56:32.802" endtime="20230308 17:56:32.870"/>
</kw>
<kw name="Click Element" library="SeleniumLibrary">
<arg>${Locator}</arg>
<doc>Click the element identified by ``locator``.</doc>
<msg timestamp="20230308 17:56:32.870" level="INFO">Clicking element '//*[contains(text(), "Amazon.com")]'.</msg>
<status status="PASS" starttime="20230308 17:56:32.870" endtime="20230308 17:56:35.236"/>
</kw>
<status status="PASS" starttime="20230308 17:56:32.802" endtime="20230308 17:56:35.236"/>
</kw>
<status status="PASS" starttime="20230308 17:56:28.393" endtime="20230308 17:56:35.236"/>
</kw>
<kw name="Webpage title should contain text" library="GlobalKeywords">
<arg>${AmazonMainPageTitle}</arg>
<kw name="Capture Page Screenshot" library="SeleniumLibrary">
<doc>Takes a screenshot of the current page and embeds it into a log file.</doc>
<msg timestamp="20230308 17:56:36.397" level="INFO" html="true">&lt;/td&gt;&lt;/tr&gt;&lt;tr&gt;&lt;td colspan="3"&gt;&lt;a href="selenium-screenshot-11.png"&gt;&lt;img src="selenium-screenshot-11.png" width="800px"&gt;&lt;/a&gt;</msg>
<status status="PASS" starttime="20230308 17:56:35.237" endtime="20230308 17:56:36.398"/>
</kw>
<kw name="Get Title" library="SeleniumLibrary">
<var>${actual}</var>
<doc>Returns the title of the current page.</doc>
<msg timestamp="20230308 17:56:36.407" level="INFO">${actual} = Amazon.com. Spend less. Smile more.</msg>
<status status="PASS" starttime="20230308 17:56:36.398" endtime="20230308 17:56:36.407"/>
</kw>
<kw name="Should Contain" library="BuiltIn">
<arg>${actual}</arg>
<arg>${expected}</arg>
<doc>Fails if ``container`` does not contain ``item`` one or more times.</doc>
<status status="PASS" starttime="20230308 17:56:36.407" endtime="20230308 17:56:36.407"/>
</kw>
<status status="PASS" starttime="20230308 17:56:35.236" endtime="20230308 17:56:36.407"/>
</kw>
<status status="PASS" starttime="20230308 17:56:28.393" endtime="20230308 17:56:36.407"/>
</kw>
<kw name="When user searches for Keyword apple in Department Books" library="MainPageSteps" sourcename="user searches for Keyword ${Keyword} in Department ${Department}">
<kw name="Select Department" library="MainPageKeywords">
<arg>${Department}</arg>
<kw name="Select From List By Label" library="SeleniumLibrary">
<arg>${departmentDropdownSelect}</arg>
<arg>${Department}</arg>
<doc>Selects options from selection list ``locator`` by ``labels``.</doc>
<msg timestamp="20230308 17:56:36.409" level="INFO">Selecting options from selection list '//select[@id="searchDropdownBox"]' by label Books.</msg>
<status status="PASS" starttime="20230308 17:56:36.409" endtime="20230308 17:56:36.640"/>
</kw>
<status status="PASS" starttime="20230308 17:56:36.408" endtime="20230308 17:56:36.640"/>
</kw>
<kw name="Search keyword" library="MainPageKeywords">
<arg>${Keyword}</arg>
<kw name="Enter Text" library="GlobalKeywords">
<arg>${searchField}</arg>
<arg>${Keyword}</arg>
<kw name="Wait Until Element Is Visible" library="SeleniumLibrary">
<arg>${Locator}</arg>
<doc>Waits until the element ``locator`` is visible.</doc>
<status status="PASS" starttime="20230308 17:56:36.641" endtime="20230308 17:56:36.721"/>
</kw>
<kw name="Input Text" library="SeleniumLibrary">
<arg>${Locator}</arg>
<arg>${Value}</arg>
<doc>Types the given ``text`` into the text field identified by ``locator``.</doc>
<msg timestamp="20230308 17:56:36.722" level="INFO">Typing text 'apple' into text field '//input[@id="twotabsearchtextbox"]'.</msg>
<status status="PASS" starttime="20230308 17:56:36.722" endtime="20230308 17:56:36.904"/>
</kw>
<status status="PASS" starttime="20230308 17:56:36.640" endtime="20230308 17:56:36.904"/>
</kw>
<kw name="Wait and click element" library="GlobalKeywords">
<arg>${searchSubmitButton}</arg>
<kw name="Wait Until Element Is Visible" library="SeleniumLibrary">
<arg>${Locator}</arg>
<doc>Waits until the element ``locator`` is visible.</doc>
<status status="PASS" starttime="20230308 17:56:36.905" endtime="20230308 17:56:36.950"/>
</kw>
<kw name="Click Element" library="SeleniumLibrary">
<arg>${Locator}</arg>
<doc>Click the element identified by ``locator``.</doc>
<msg timestamp="20230308 17:56:36.950" level="INFO">Clicking element '//input[@id="nav-search-submit-button"]'.</msg>
<status status="PASS" starttime="20230308 17:56:36.950" endtime="20230308 17:56:43.169"/>
</kw>
<status status="PASS" starttime="20230308 17:56:36.904" endtime="20230308 17:56:43.169"/>
</kw>
<status status="PASS" starttime="20230308 17:56:36.640" endtime="20230308 17:56:43.169"/>
</kw>
<status status="PASS" starttime="20230308 17:56:36.408" endtime="20230308 17:56:43.169"/>
</kw>
<kw name="And user filters to English Language" library="SearchResultsPageSteps" sourcename="user filters to ${Filter} Language">
<kw name="Select a filter for the results list" library="SearchResultsPageKeywords">
<arg>${Filter}</arg>
<arg>Language</arg>
<kw name="Set Variable" library="BuiltIn">
<var>${checkbox}</var>
<arg>//div[@id="filters"]//*[contains(text(), "${FilterValue}")]/../following-sibling::ul[1]//*[contains(text(), "${FilterList}")]</arg>
<doc>Returns the given values which can then be assigned to a variables.</doc>
<msg timestamp="20230308 17:56:43.169" level="INFO">${checkbox} = //div[@id="filters"]//*[contains(text(), "Language")]/../following-sibling::ul[1]//*[contains(text(), "English")]</msg>
<status status="PASS" starttime="20230308 17:56:43.169" endtime="20230308 17:56:43.169"/>
</kw>
<kw name="Scroll to Element" library="GlobalKeywords">
<arg>${checkbox}</arg>
<kw name="Scroll Element Into View" library="SeleniumLibrary">
<arg>${Locator}</arg>
<doc>Scrolls the element identified by ``locator`` into view.</doc>
<status status="PASS" starttime="20230308 17:56:43.169" endtime="20230308 17:56:43.624"/>
</kw>
<kw name="Get WebElement" library="SeleniumLibrary">
<var>${element}</var>
<arg>${Locator}</arg>
<doc>Returns the first WebElement matching the given ``locator``.</doc>
<msg timestamp="20230308 17:56:43.638" level="INFO">${element} = &lt;selenium.webdriver.remote.webelement.WebElement (session="6a662b9530aa6b864e81f33e516e815c", element="40e4ccea-93f4-4a90-bd02-61aeeb0f58cc")&gt;</msg>
<status status="PASS" starttime="20230308 17:56:43.624" endtime="20230308 17:56:43.638"/>
</kw>
<kw name="Execute Javascript" library="SeleniumLibrary">
<arg>window.scroll(0, ${element.location['y']} - (window.innerHeight / 2))</arg>
<doc>Executes the given JavaScript code with possible arguments.</doc>
<msg timestamp="20230308 17:56:43.652" level="INFO">Executing JavaScript:
window.scroll(0, 1617 - (window.innerHeight / 2))
Without any arguments.</msg>
<status status="PASS" starttime="20230308 17:56:43.638" endtime="20230308 17:56:43.681"/>
</kw>
<kw name="Capture Page Screenshot" library="SeleniumLibrary">
<doc>Takes a screenshot of the current page and embeds it into a log file.</doc>
<msg timestamp="20230308 17:56:44.305" level="INFO" html="true">&lt;/td&gt;&lt;/tr&gt;&lt;tr&gt;&lt;td colspan="3"&gt;&lt;a href="selenium-screenshot-12.png"&gt;&lt;img src="selenium-screenshot-12.png" width="800px"&gt;&lt;/a&gt;</msg>
<status status="PASS" starttime="20230308 17:56:43.681" endtime="20230308 17:56:44.305"/>
</kw>
<status status="PASS" starttime="20230308 17:56:43.169" endtime="20230308 17:56:44.305"/>
</kw>
<kw name="Wait and click element" library="GlobalKeywords">
<arg>${checkbox}</arg>
<kw name="Wait Until Element Is Visible" library="SeleniumLibrary">
<arg>${Locator}</arg>
<doc>Waits until the element ``locator`` is visible.</doc>
<status status="PASS" starttime="20230308 17:56:44.306" endtime="20230308 17:56:44.346"/>
</kw>
<kw name="Click Element" library="SeleniumLibrary">
<arg>${Locator}</arg>
<doc>Click the element identified by ``locator``.</doc>
<msg timestamp="20230308 17:56:44.347" level="INFO">Clicking element '//div[@id="filters"]//*[contains(text(), "Language")]/../following-sibling::ul[1]//*[contains(text(), "English")]'.</msg>
<status status="PASS" starttime="20230308 17:56:44.346" endtime="20230308 17:56:48.624"/>
</kw>
<status status="PASS" starttime="20230308 17:56:44.306" endtime="20230308 17:56:48.624"/>
</kw>
<status status="PASS" starttime="20230308 17:56:43.169" endtime="20230308 17:56:48.624"/>
</kw>
<status status="PASS" starttime="20230308 17:56:43.169" endtime="20230308 17:56:48.624"/>
</kw>
<kw name="And user sorts the result by Publication Date" library="SearchResultsPageSteps" sourcename="user sorts the result by ${Category}">
<kw name="Sort search results" library="SearchResultsPageKeywords">
<arg>${Category}</arg>
<kw name="Wait Until Element Is Visible" library="SeleniumLibrary">
<arg>${sortBySelectButton}</arg>
<doc>Waits until the element ``locator`` is visible.</doc>
<status status="PASS" starttime="20230308 17:56:48.625" endtime="20230308 17:56:48.838"/>
</kw>
<kw name="Select From List By Label" library="SeleniumLibrary">
<arg>${sortBySelectButton}</arg>
<arg>${Category}</arg>
<doc>Selects options from selection list ``locator`` by ``labels``.</doc>
<msg timestamp="20230308 17:56:48.840" level="INFO">Selecting options from selection list '//select[@id="s-result-sort-select"]' by label Publication Date.</msg>
<status status="PASS" starttime="20230308 17:56:48.838" endtime="20230308 17:56:49.122"/>
</kw>
<status status="PASS" starttime="20230308 17:56:48.625" endtime="20230308 17:56:49.122"/>
</kw>
<status status="PASS" starttime="20230308 17:56:48.624" endtime="20230308 17:56:49.122"/>
</kw>
<kw name="Then Results should be sorted by Publication Date" library="SearchResultsPageSteps">
<kw name="List should be sorted by Publication Date" library="SearchResultsPageKeywords">
<arg>${authorAndPublishDateText}</arg>
<kw name="Wait Until Element Is Visible" library="SeleniumLibrary">
<arg>${Locator}</arg>
<doc>Waits until the element ``locator`` is visible.</doc>
<status status="PASS" starttime="20230308 17:56:49.124" endtime="20230308 17:56:50.193"/>
</kw>
<kw name="Wait Until Element Is Visible" library="SeleniumLibrary">
<arg>${pagination}</arg>
<doc>Waits until the element ``locator`` is visible.</doc>
<status status="PASS" starttime="20230308 17:56:50.194" endtime="20230308 17:56:50.642"/>
</kw>
<kw name="Create List" library="BuiltIn">
<var>${dates}</var>
<doc>Returns a list containing given items.</doc>
<msg timestamp="20230308 17:56:50.643" level="INFO">${dates} = []</msg>
<status status="PASS" starttime="20230308 17:56:50.643" endtime="20230308 17:56:50.643"/>
</kw>
<kw name="Get WebElements" library="SeleniumLibrary">
<var>${elements}</var>
<arg>${Locator}</arg>
<doc>Returns a list of WebElement objects matching the ``locator``.</doc>
<msg timestamp="20230308 17:56:50.701" level="INFO">${elements} = [&lt;selenium.webdriver.remote.webelement.WebElement (session="6a662b9530aa6b864e81f33e516e815c", element="27ec8d91-837e-4ed1-b94c-da8c9129a2ef")&gt;, &lt;selenium.webdriver.remote.webelement.WebElement (sessi...</msg>
<status status="PASS" starttime="20230308 17:56:50.643" endtime="20230308 17:56:50.701"/>
</kw>
<kw name="Get Length" library="BuiltIn">
<var>${elementLength}</var>
<arg>${elements}</arg>
<doc>Returns and logs the length of the given item as an integer.</doc>
<msg timestamp="20230308 17:56:50.702" level="INFO">Length is 16</msg>
<msg timestamp="20230308 17:56:50.702" level="INFO">${elementLength} = 16</msg>
<status status="PASS" starttime="20230308 17:56:50.701" endtime="20230308 17:56:50.702"/>
</kw>
<kw name="Log" library="BuiltIn">
<arg>${elementLength}</arg>
<doc>Logs the given message with the given level.</doc>
<msg timestamp="20230308 17:56:50.702" level="INFO">16</msg>
<status status="PASS" starttime="20230308 17:56:50.702" endtime="20230308 17:56:50.702"/>
</kw>
<for flavor="IN">
<var>${element}</var>
<value>@{elements}</value>
<iter>
<var name="${element}">&lt;selenium.webdriver.remote.webelement.WebElement (session="6a662b9530aa6b864e81f33e516e815c", element="27ec8d91-837e-4ed1-b94c-da8c9129a2ef")&gt;</var>
<kw name="Get Text" library="SeleniumLibrary">
<var>${date}</var>
<arg>${element}</arg>
<doc>Returns the text value of the element identified by ``locator``.</doc>
<msg timestamp="20230308 17:56:50.741" level="INFO">${date} = by Alicia Duran and Brian Fitzgerald | Dec 2, 2024</msg>
<status status="PASS" starttime="20230308 17:56:50.703" endtime="20230308 17:56:50.741"/>
</kw>
<kw name="Log" library="BuiltIn">
<arg>${date}</arg>
<doc>Logs the given message with the given level.</doc>
<msg timestamp="20230308 17:56:50.741" level="INFO">by Alicia Duran and Brian Fitzgerald | Dec 2, 2024</msg>
<status status="PASS" starttime="20230308 17:56:50.741" endtime="20230308 17:56:50.741"/>
</kw>
<kw name="Extract Date from Author and Publish Date Text" library="SearchResultsPageKeywords">
<var>${date}</var>
<arg>${date}</arg>
<kw name="Log" library="BuiltIn">
<arg>${text}</arg>
<doc>Logs the given message with the given level.</doc>
<msg timestamp="20230308 17:56:50.742" level="INFO">by Alicia Duran and Brian Fitzgerald | Dec 2, 2024</msg>
<status status="PASS" starttime="20230308 17:56:50.742" endtime="20230308 17:56:50.742"/>
</kw>
<kw name="Get Substring" library="String">
<var>${text}</var>
<arg>${text}</arg>
<arg>-12</arg>
<doc>Returns a substring from ``start`` index to ``end`` index.</doc>
<msg timestamp="20230308 17:56:50.742" level="INFO">${text} =  Dec 2, 2024</msg>
<status status="PASS" starttime="20230308 17:56:50.742" endtime="20230308 17:56:50.742"/>
</kw>
<kw name="Strip String" library="String">
<var>${text}</var>
<arg>${text}</arg>
<arg>mode=left</arg>
<doc>Remove leading and/or trailing whitespaces from the given string.</doc>
<msg timestamp="20230308 17:56:50.743" level="INFO">${text} = Dec 2, 2024</msg>
<status status="PASS" starttime="20230308 17:56:50.742" endtime="20230308 17:56:50.743"/>
</kw>
<kw name="Replace String" library="String">
<var>${text}</var>
<arg>${text}</arg>
<arg>,</arg>
<arg>${EMPTY}</arg>
<doc>Replaces ``search_for`` in the given ``string`` with ``replace_with``.</doc>
<msg timestamp="20230308 17:56:50.744" level="INFO">${text} = Dec 2 2024</msg>
<status status="PASS" starttime="20230308 17:56:50.743" endtime="20230308 17:56:50.744"/>
</kw>
<kw name="Convert The Date" library="GlobalKeywords">
<var>${date}</var>
<arg>${text}</arg>
<kw name="Split String" library="String">
<var>@{words}</var>
<arg>${value}</arg>
<arg>${SPACE}</arg>
<doc>Splits the ``string`` using ``separator`` as a delimiter string.</doc>
<msg timestamp="20230308 17:56:50.745" level="INFO">@{words} = [ Dec | 2 | 2024 ]</msg>
<status status="PASS" starttime="20230308 17:56:50.744" endtime="20230308 17:56:50.745"/>
</kw>
<kw name="Get Length" library="BuiltIn">
<var>${list}</var>
<arg>${words}</arg>
<doc>Returns and logs the length of the given item as an integer.</doc>
<msg timestamp="20230308 17:56:50.745" level="INFO">Length is 3</msg>
<msg timestamp="20230308 17:56:50.745" level="INFO">${list} = 3</msg>
<status status="PASS" starttime="20230308 17:56:50.745" endtime="20230308 17:56:50.745"/>
</kw>
<kw name="Set Variable" library="BuiltIn">
<var>${NewDate}</var>
<arg>${EMPTY}</arg>
<doc>Returns the given values which can then be assigned to a variables.</doc>
<msg timestamp="20230308 17:56:50.746" level="INFO">${NewDate} = </msg>
<status status="PASS" starttime="20230308 17:56:50.745" endtime="20230308 17:56:50.746"/>
</kw>
<if>
<branch type="IF" condition="&quot;${list}&quot; == &quot;3&quot;">
<kw name="Get From List" library="Collections">
<var>${Month}</var>
<arg>${words}</arg>
<arg>0</arg>
<doc>Returns the value specified with an ``index`` from ``list``.</doc>
<msg timestamp="20230308 17:56:50.746" level="INFO">${Month} = Dec</msg>
<status status="PASS" starttime="20230308 17:56:50.746" endtime="20230308 17:56:50.746"/>
</kw>
<kw name="Get From List" library="Collections">
<var>${Date}</var>
<arg>${words}</arg>
<arg>1</arg>
<doc>Returns the value specified with an ``index`` from ``list``.</doc>
<msg timestamp="20230308 17:56:50.747" level="INFO">${Date} = 2</msg>
<status status="PASS" starttime="20230308 17:56:50.746" endtime="20230308 17:56:50.747"/>
</kw>
<kw name="Get From List" library="Collections">
<var>${Year}</var>
<arg>${words}</arg>
<arg>2</arg>
<doc>Returns the value specified with an ``index`` from ``list``.</doc>
<msg timestamp="20230308 17:56:50.747" level="INFO">${Year} = 2024</msg>
<status status="PASS" starttime="20230308 17:56:50.747" endtime="20230308 17:56:50.747"/>
</kw>
<kw name="Convert Date Month to mm" library="GlobalKeywords">
<var>${Month}</var>
<arg>${Month}</arg>
<if>
<branch type="IF" condition="&quot;${month}&quot; == &quot;Jan&quot; or &quot;${month}&quot; == &quot;January&quot;">
<kw name="Set Variable" library="BuiltIn">
<var>${convertedMonth}</var>
<arg>01</arg>
<doc>Returns the given values which can then be assigned to a variables.</doc>
<status status="NOT RUN" starttime="20230308 17:56:50.747" endtime="20230308 17:56:50.747"/>
</kw>
<status status="NOT RUN" starttime="20230308 17:56:50.747" endtime="20230308 17:56:50.748"/>
</branch>
<branch type="ELSE IF" condition="&quot;${month}&quot; == &quot;Feb&quot; or &quot;${month}&quot; == &quot;February&quot;">
<kw name="Set Variable" library="BuiltIn">
<var>${convertedMonth}</var>
<arg>02</arg>
<doc>Returns the given values which can then be assigned to a variables.</doc>
<status status="NOT RUN" starttime="20230308 17:56:50.748" endtime="20230308 17:56:50.748"/>
</kw>
<status status="NOT RUN" starttime="20230308 17:56:50.748" endtime="20230308 17:56:50.748"/>
</branch>
<branch type="ELSE IF" condition="&quot;${month}&quot; == &quot;Mar&quot; or &quot;${month}&quot; == &quot;March&quot;">
<kw name="Set Variable" library="BuiltIn">
<var>${convertedMonth}</var>
<arg>03</arg>
<doc>Returns the given values which can then be assigned to a variables.</doc>
<status status="NOT RUN" starttime="20230308 17:56:50.748" endtime="20230308 17:56:50.748"/>
</kw>
<status status="NOT RUN" starttime="20230308 17:56:50.748" endtime="20230308 17:56:50.748"/>
</branch>
<branch type="ELSE IF" condition="&quot;${month}&quot; == &quot;Apr&quot; or &quot;${month}&quot; == &quot;April&quot;">
<kw name="Set Variable" library="BuiltIn">
<var>${convertedMonth}</var>
<arg>04</arg>
<doc>Returns the given values which can then be assigned to a variables.</doc>
<status status="NOT RUN" starttime="20230308 17:56:50.748" endtime="20230308 17:56:50.749"/>
</kw>
<status status="NOT RUN" starttime="20230308 17:56:50.748" endtime="20230308 17:56:50.749"/>
</branch>
<branch type="ELSE IF" condition="&quot;${month}&quot; == &quot;May&quot; or &quot;${month}&quot; == &quot;May&quot;">
<kw name="Set Variable" library="BuiltIn">
<var>${convertedMonth}</var>
<arg>05</arg>
<doc>Returns the given values which can then be assigned to a variables.</doc>
<status status="NOT RUN" starttime="20230308 17:56:50.749" endtime="20230308 17:56:50.749"/>
</kw>
<status status="NOT RUN" starttime="20230308 17:56:50.749" endtime="20230308 17:56:50.749"/>
</branch>
<branch type="ELSE IF" condition="&quot;${month}&quot; == &quot;Jun&quot; or &quot;${month}&quot; == &quot;June&quot;">
<kw name="Set Variable" library="BuiltIn">
<var>${convertedMonth}</var>
<arg>06</arg>
<doc>Returns the given values which can then be assigned to a variables.</doc>
<status status="NOT RUN" starttime="20230308 17:56:50.750" endtime="20230308 17:56:50.750"/>
</kw>
<status status="NOT RUN" starttime="20230308 17:56:50.749" endtime="20230308 17:56:50.750"/>
</branch>
<branch type="ELSE IF" condition="&quot;${month}&quot; == &quot;Jul&quot; or &quot;${month}&quot; == &quot;July&quot;">
<kw name="Set Variable" library="BuiltIn">
<var>${convertedMonth}</var>
<arg>07</arg>
<doc>Returns the given values which can then be assigned to a variables.</doc>
<status status="NOT RUN" starttime="20230308 17:56:50.750" endtime="20230308 17:56:50.750"/>
</kw>
<status status="NOT RUN" starttime="20230308 17:56:50.750" endtime="20230308 17:56:50.750"/>
</branch>
<branch type="ELSE IF" condition="&quot;${month}&quot; == &quot;Aug&quot; or &quot;${month}&quot; == &quot;August&quot;">
<kw name="Set Variable" library="BuiltIn">
<var>${convertedMonth}</var>
<arg>08</arg>
<doc>Returns the given values which can then be assigned to a variables.</doc>
<status status="NOT RUN" starttime="20230308 17:56:50.750" endtime="20230308 17:56:50.750"/>
</kw>
<status status="NOT RUN" starttime="20230308 17:56:50.750" endtime="20230308 17:56:50.750"/>
</branch>
<branch type="ELSE IF" condition="&quot;${month}&quot; == &quot;Sep&quot; or &quot;${month}&quot; == &quot;September&quot;">
<kw name="Set Variable" library="BuiltIn">
<var>${convertedMonth}</var>
<arg>09</arg>
<doc>Returns the given values which can then be assigned to a variables.</doc>
<status status="NOT RUN" starttime="20230308 17:56:50.751" endtime="20230308 17:56:50.751"/>
</kw>
<status status="NOT RUN" starttime="20230308 17:56:50.750" endtime="20230308 17:56:50.751"/>
</branch>
<branch type="ELSE IF" condition="&quot;${month}&quot; == &quot;Oct&quot; or &quot;${month}&quot; == &quot;October&quot;">
<kw name="Set Variable" library="BuiltIn">
<var>${convertedMonth}</var>
<arg>10</arg>
<doc>Returns the given values which can then be assigned to a variables.</doc>
<status status="NOT RUN" starttime="20230308 17:56:50.751" endtime="20230308 17:56:50.751"/>
</kw>
<status status="NOT RUN" starttime="20230308 17:56:50.751" endtime="20230308 17:56:50.751"/>
</branch>
<branch type="ELSE IF" condition="&quot;${month}&quot; == &quot;Nov&quot; or &quot;${month}&quot; == &quot;November&quot;">
<kw name="Set Variable" library="BuiltIn">
<var>${convertedMonth}</var>
<arg>11</arg>
<doc>Returns the given values which can then be assigned to a variables.</doc>
<status status="NOT RUN" starttime="20230308 17:56:50.751" endtime="20230308 17:56:50.751"/>
</kw>
<status status="NOT RUN" starttime="20230308 17:56:50.751" endtime="20230308 17:56:50.751"/>
</branch>
<branch type="ELSE IF" condition="&quot;${month}&quot; == &quot;Dec&quot; or &quot;${month}&quot; == &quot;December&quot;">
<kw name="Set Variable" library="BuiltIn">
<var>${convertedMonth}</var>
<arg>12</arg>
<doc>Returns the given values which can then be assigned to a variables.</doc>
<msg timestamp="20230308 17:56:50.751" level="INFO">${convertedMonth} = 12</msg>
<status status="PASS" starttime="20230308 17:56:50.751" endtime="20230308 17:56:50.751"/>
</kw>
<status status="PASS" starttime="20230308 17:56:50.751" endtime="20230308 17:56:50.751"/>
</branch>
<status status="PASS" starttime="20230308 17:56:50.747" endtime="20230308 17:56:50.751"/>
</if>
<msg timestamp="20230308 17:56:50.752" level="INFO">${Month} = 12</msg>
<status status="PASS" starttime="20230308 17:56:50.747" endtime="20230308 17:56:50.752"/>
</kw>
<kw name="Get Length" library="BuiltIn">
<var>${count}</var>
<arg>${Date}</arg>
<doc>Returns and logs the length of the given item as an integer.</doc>
<msg timestamp="20230308 17:56:50.752" level="INFO">Length is 1</msg>
<msg timestamp="20230308 17:56:50.752" level="INFO">${count} = 1</msg>
<status status="PASS" starttime="20230308 17:56:50.752" endtime="20230308 17:56:50.752"/>
</kw>
<if>
<branch type="IF" condition="&quot;${count}&quot; == &quot;1&quot;">
<kw name="Catenate" library="BuiltIn">
<var>${Date}</var>
<arg>0${Date}</arg>
<doc>Catenates the given items together and returns the resulted string.</doc>
<msg timestamp="20230308 17:56:50.752" level="INFO">${Date} = 02</msg>
<status status="PASS" starttime="20230308 17:56:50.752" endtime="20230308 17:56:50.752"/>
</kw>
<status status="PASS" starttime="20230308 17:56:50.752" endtime="20230308 17:56:50.752"/>
</branch>
<status status="PASS" starttime="20230308 17:56:50.752" endtime="20230308 17:56:50.752"/>
</if>
<kw name="Catenate" library="BuiltIn">
<var>${NewDate}</var>
<arg>${Year}-${Month}-${Date}</arg>
<doc>Catenates the given items together and returns the resulted string.</doc>
<msg timestamp="20230308 17:56:50.753" level="INFO">${NewDate} = 2024-12-02</msg>
<status status="PASS" starttime="20230308 17:56:50.752" endtime="20230308 17:56:50.753"/>
</kw>
<status status="PASS" starttime="20230308 17:56:50.746" endtime="20230308 17:56:50.753"/>
</branch>
<status status="PASS" starttime="20230308 17:56:50.746" endtime="20230308 17:56:50.753"/>
</if>
<msg timestamp="20230308 17:56:50.753" level="INFO">${date} = 2024-12-02</msg>
<status status="PASS" starttime="20230308 17:56:50.744" endtime="20230308 17:56:50.753"/>
</kw>
<kw name="Log" library="BuiltIn">
<arg>${date}</arg>
<doc>Logs the given message with the given level.</doc>
<msg timestamp="20230308 17:56:50.753" level="INFO">2024-12-02</msg>
<status status="PASS" starttime="20230308 17:56:50.753" endtime="20230308 17:56:50.753"/>
</kw>
<msg timestamp="20230308 17:56:50.753" level="INFO">${date} = 2024-12-02</msg>
<status status="PASS" starttime="20230308 17:56:50.742" endtime="20230308 17:56:50.753"/>
</kw>
<if>
<branch type="IF" condition="&quot;${date}&quot; != &quot;${EMPTY}&quot;">
<kw name="Append To List" library="Collections">
<arg>${dates}</arg>
<arg>${date}</arg>
<doc>Adds ``values`` to the end of ``list``.</doc>
<status status="PASS" starttime="20230308 17:56:50.754" endtime="20230308 17:56:50.754"/>
</kw>
<status status="PASS" starttime="20230308 17:56:50.753" endtime="20230308 17:56:50.754"/>
</branch>
<status status="PASS" starttime="20230308 17:56:50.753" endtime="20230308 17:56:50.754"/>
</if>
<status status="PASS" starttime="20230308 17:56:50.703" endtime="20230308 17:56:50.754"/>
</iter>
<iter>
<var name="${element}">&lt;selenium.webdriver.remote.webelement.WebElement (session="6a662b9530aa6b864e81f33e516e815c", element="1c6abf2b-3d69-49e8-b143-67edcc7dd23a")&gt;</var>
<kw name="Get Text" library="SeleniumLibrary">
<var>${date}</var>
<arg>${element}</arg>
<doc>Returns the text value of the element identified by ``locator``.</doc>
<msg timestamp="20230308 17:56:50.792" level="INFO">${date} = Book 47 of 47: MURDER IN THE MIX | by Addison Moore | Feb 2, 2024</msg>
<status status="PASS" starttime="20230308 17:56:50.754" endtime="20230308 17:56:50.792"/>
</kw>
<kw name="Log" library="BuiltIn">
<arg>${date}</arg>
<doc>Logs the given message with the given level.</doc>
<msg timestamp="20230308 17:56:50.792" level="INFO">Book 47 of 47: MURDER IN THE MIX | by Addison Moore | Feb 2, 2024</msg>
<status status="PASS" starttime="20230308 17:56:50.792" endtime="20230308 17:56:50.792"/>
</kw>
<kw name="Extract Date from Author and Publish Date Text" library="SearchResultsPageKeywords">
<var>${date}</var>
<arg>${date}</arg>
<kw name="Log" library="BuiltIn">
<arg>${text}</arg>
<doc>Logs the given message with the given level.</doc>
<msg timestamp="20230308 17:56:50.792" level="INFO">Book 47 of 47: MURDER IN THE MIX | by Addison Moore | Feb 2, 2024</msg>
<status status="PASS" starttime="20230308 17:56:50.792" endtime="20230308 17:56:50.792"/>
</kw>
<kw name="Get Substring" library="String">
<var>${text}</var>
<arg>${text}</arg>
<arg>-12</arg>
<doc>Returns a substring from ``start`` index to ``end`` index.</doc>
<msg timestamp="20230308 17:56:50.793" level="INFO">${text} =  Feb 2, 2024</msg>
<status status="PASS" starttime="20230308 17:56:50.792" endtime="20230308 17:56:50.793"/>
</kw>
<kw name="Strip String" library="String">
<var>${text}</var>
<arg>${text}</arg>
<arg>mode=left</arg>
<doc>Remove leading and/or trailing whitespaces from the given string.</doc>
<msg timestamp="20230308 17:56:50.793" level="INFO">${text} = Feb 2, 2024</msg>
<status status="PASS" starttime="20230308 17:56:50.793" endtime="20230308 17:56:50.793"/>
</kw>
<kw name="Replace String" library="String">
<var>${text}</var>
<arg>${text}</arg>
<arg>,</arg>
<arg>${EMPTY}</arg>
<doc>Replaces ``search_for`` in the given ``string`` with ``replace_with``.</doc>
<msg timestamp="20230308 17:56:50.794" level="INFO">${text} = Feb 2 2024</msg>
<status status="PASS" starttime="20230308 17:56:50.793" endtime="20230308 17:56:50.794"/>
</kw>
<kw name="Convert The Date" library="GlobalKeywords">
<var>${date}</var>
<arg>${text}</arg>
<kw name="Split String" library="String">
<var>@{words}</var>
<arg>${value}</arg>
<arg>${SPACE}</arg>
<doc>Splits the ``string`` using ``separator`` as a delimiter string.</doc>
<msg timestamp="20230308 17:56:50.794" level="INFO">@{words} = [ Feb | 2 | 2024 ]</msg>
<status status="PASS" starttime="20230308 17:56:50.794" endtime="20230308 17:56:50.794"/>
</kw>
<kw name="Get Length" library="BuiltIn">
<var>${list}</var>
<arg>${words}</arg>
[...]
</kw>
<kw name="Convert Date Month to mm" library="GlobalKeywords">
<var>${Month}</var>
<arg>${Month}</arg>
<if>
<branch type="IF" condition="&quot;${month}&quot; == &quot;Jan&quot; or &quot;${month}&quot; == &quot;January&quot;">
<kw name="Set Variable" library="BuiltIn">
<var>${convertedMonth}</var>
<arg>01</arg>
<doc>Returns the given values which can then be assigned to a variables.</doc>
<status status="NOT RUN" starttime="20230308 17:56:51.534" endtime="20230308 17:56:51.534"/>
</kw>
<status status="NOT RUN" starttime="20230308 17:56:51.533" endtime="20230308 17:56:51.534"/>
</branch>
<branch type="ELSE IF" condition="&quot;${month}&quot; == &quot;Feb&quot; or &quot;${month}&quot; == &quot;February&quot;">
<kw name="Set Variable" library="BuiltIn">
<var>${convertedMonth}</var>
<arg>02</arg>
<doc>Returns the given values which can then be assigned to a variables.</doc>
<status status="NOT RUN" starttime="20230308 17:56:51.534" endtime="20230308 17:56:51.534"/>
</kw>
<status status="NOT RUN" starttime="20230308 17:56:51.534" endtime="20230308 17:56:51.534"/>
</branch>
<branch type="ELSE IF" condition="&quot;${month}&quot; == &quot;Mar&quot; or &quot;${month}&quot; == &quot;March&quot;">
<kw name="Set Variable" library="BuiltIn">
<var>${convertedMonth}</var>
<arg>03</arg>
<doc>Returns the given values which can then be assigned to a variables.</doc>
<status status="NOT RUN" starttime="20230308 17:56:51.535" endtime="20230308 17:56:51.535"/>
</kw>
<status status="NOT RUN" starttime="20230308 17:56:51.534" endtime="20230308 17:56:51.535"/>
</branch>
<branch type="ELSE IF" condition="&quot;${month}&quot; == &quot;Apr&quot; or &quot;${month}&quot; == &quot;April&quot;">
<kw name="Set Variable" library="BuiltIn">
<var>${convertedMonth}</var>
<arg>04</arg>
<doc>Returns the given values which can then be assigned to a variables.</doc>
<status status="NOT RUN" starttime="20230308 17:56:51.535" endtime="20230308 17:56:51.535"/>
</kw>
<status status="NOT RUN" starttime="20230308 17:56:51.535" endtime="20230308 17:56:51.535"/>
</branch>
<branch type="ELSE IF" condition="&quot;${month}&quot; == &quot;May&quot; or &quot;${month}&quot; == &quot;May&quot;">
<kw name="Set Variable" library="BuiltIn">
<var>${convertedMonth}</var>
<arg>05</arg>
<doc>Returns the given values which can then be assigned to a variables.</doc>
<status status="NOT RUN" starttime="20230308 17:56:51.535" endtime="20230308 17:56:51.535"/>
</kw>
<status status="NOT RUN" starttime="20230308 17:56:51.535" endtime="20230308 17:56:51.535"/>
</branch>
<branch type="ELSE IF" condition="&quot;${month}&quot; == &quot;Jun&quot; or &quot;${month}&quot; == &quot;June&quot;">
<kw name="Set Variable" library="BuiltIn">
<var>${convertedMonth}</var>
<arg>06</arg>
<doc>Returns the given values which can then be assigned to a variables.</doc>
<status status="NOT RUN" starttime="20230308 17:56:51.535" endtime="20230308 17:56:51.535"/>
</kw>
<status status="NOT RUN" starttime="20230308 17:56:51.535" endtime="20230308 17:56:51.535"/>
</branch>
<branch type="ELSE IF" condition="&quot;${month}&quot; == &quot;Jul&quot; or &quot;${month}&quot; == &quot;July&quot;">
<kw name="Set Variable" library="BuiltIn">
<var>${convertedMonth}</var>
<arg>07</arg>
<doc>Returns the given values which can then be assigned to a variables.</doc>
<status status="NOT RUN" starttime="20230308 17:56:51.536" endtime="20230308 17:56:51.536"/>
</kw>
<status status="NOT RUN" starttime="20230308 17:56:51.535" endtime="20230308 17:56:51.536"/>
</branch>
<branch type="ELSE IF" condition="&quot;${month}&quot; == &quot;Aug&quot; or &quot;${month}&quot; == &quot;August&quot;">
<kw name="Set Variable" library="BuiltIn">
<var>${convertedMonth}</var>
<arg>08</arg>
<doc>Returns the given values which can then be assigned to a variables.</doc>
<status status="NOT RUN" starttime="20230308 17:56:51.536" endtime="20230308 17:56:51.536"/>
</kw>
<status status="NOT RUN" starttime="20230308 17:56:51.536" endtime="20230308 17:56:51.536"/>
</branch>
<branch type="ELSE IF" condition="&quot;${month}&quot; == &quot;Sep&quot; or &quot;${month}&quot; == &quot;September&quot;">
<kw name="Set Variable" library="BuiltIn">
<var>${convertedMonth}</var>
<arg>09</arg>
<doc>Returns the given values which can then be assigned to a variables.</doc>
<msg timestamp="20230308 17:56:51.537" level="INFO">${convertedMonth} = 09</msg>
<status status="PASS" starttime="20230308 17:56:51.537" endtime="20230308 17:56:51.537"/>
</kw>
<status status="PASS" starttime="20230308 17:56:51.537" endtime="20230308 17:56:51.537"/>
</branch>
<branch type="ELSE IF" condition="&quot;${month}&quot; == &quot;Oct&quot; or &quot;${month}&quot; == &quot;October&quot;">
<kw name="Set Variable" library="BuiltIn">
<var>${convertedMonth}</var>
<arg>10</arg>
<doc>Returns the given values which can then be assigned to a variables.</doc>
<status status="NOT RUN" starttime="20230308 17:56:51.537" endtime="20230308 17:56:51.537"/>
</kw>
<status status="NOT RUN" starttime="20230308 17:56:51.537" endtime="20230308 17:56:51.537"/>
</branch>
<branch type="ELSE IF" condition="&quot;${month}&quot; == &quot;Nov&quot; or &quot;${month}&quot; == &quot;November&quot;">
<kw name="Set Variable" library="BuiltIn">
<var>${convertedMonth}</var>
<arg>11</arg>
<doc>Returns the given values which can then be assigned to a variables.</doc>
<status status="NOT RUN" starttime="20230308 17:56:51.537" endtime="20230308 17:56:51.537"/>
</kw>
<status status="NOT RUN" starttime="20230308 17:56:51.537" endtime="20230308 17:56:51.537"/>
</branch>
<branch type="ELSE IF" condition="&quot;${month}&quot; == &quot;Dec&quot; or &quot;${month}&quot; == &quot;December&quot;">
<kw name="Set Variable" library="BuiltIn">
<var>${convertedMonth}</var>
<arg>12</arg>
<doc>Returns the given values which can then be assigned to a variables.</doc>
<status status="NOT RUN" starttime="20230308 17:56:51.537" endtime="20230308 17:56:51.537"/>
</kw>
<status status="NOT RUN" starttime="20230308 17:56:51.537" endtime="20230308 17:56:51.538"/>
</branch>
<status status="PASS" starttime="20230308 17:56:51.533" endtime="20230308 17:56:51.538"/>
</if>
<msg timestamp="20230308 17:56:51.538" level="INFO">${Month} = 09</msg>
<status status="PASS" starttime="20230308 17:56:51.533" endtime="20230308 17:56:51.538"/>
</kw>
<kw name="Get Length" library="BuiltIn">
<var>${count}</var>
<arg>${Date}</arg>
<doc>Returns and logs the length of the given item as an integer.</doc>
<msg timestamp="20230308 17:56:51.538" level="INFO">Length is 2</msg>
<msg timestamp="20230308 17:56:51.538" level="INFO">${count} = 2</msg>
<status status="PASS" starttime="20230308 17:56:51.538" endtime="20230308 17:56:51.538"/>
</kw>
<if>
<branch type="IF" condition="&quot;${count}&quot; == &quot;1&quot;">
<kw name="Catenate" library="BuiltIn">
<var>${Date}</var>
<arg>0${Date}</arg>
<doc>Catenates the given items together and returns the resulted string.</doc>
<status status="NOT RUN" starttime="20230308 17:56:51.539" endtime="20230308 17:56:51.539"/>
</kw>
<status status="NOT RUN" starttime="20230308 17:56:51.538" endtime="20230308 17:56:51.539"/>
</branch>
<status status="PASS" starttime="20230308 17:56:51.538" endtime="20230308 17:56:51.539"/>
</if>
<kw name="Catenate" library="BuiltIn">
<var>${NewDate}</var>
<arg>${Year}-${Month}-${Date}</arg>
<doc>Catenates the given items together and returns the resulted string.</doc>
<msg timestamp="20230308 17:56:51.539" level="INFO">${NewDate} = 2023-09-19</msg>
<status status="PASS" starttime="20230308 17:56:51.539" endtime="20230308 17:56:51.539"/>
</kw>
<status status="PASS" starttime="20230308 17:56:51.532" endtime="20230308 17:56:51.539"/>
</branch>
<status status="PASS" starttime="20230308 17:56:51.532" endtime="20230308 17:56:51.539"/>
</if>
<msg timestamp="20230308 17:56:51.539" level="INFO">${date} = 2023-09-19</msg>
<status status="PASS" starttime="20230308 17:56:51.531" endtime="20230308 17:56:51.539"/>
</kw>
<kw name="Log" library="BuiltIn">
<arg>${date}</arg>
<doc>Logs the given message with the given level.</doc>
<msg timestamp="20230308 17:56:51.539" level="INFO">2023-09-19</msg>
<status status="PASS" starttime="20230308 17:56:51.539" endtime="20230308 17:56:51.539"/>
</kw>
<msg timestamp="20230308 17:56:51.540" level="INFO">${date} = 2023-09-19</msg>
<status status="PASS" starttime="20230308 17:56:51.528" endtime="20230308 17:56:51.540"/>
</kw>
<if>
<branch type="IF" condition="&quot;${date}&quot; != &quot;${EMPTY}&quot;">
<kw name="Append To List" library="Collections">
<arg>${dates}</arg>
<arg>${date}</arg>
<doc>Adds ``values`` to the end of ``list``.</doc>
<status status="PASS" starttime="20230308 17:56:51.541" endtime="20230308 17:56:51.541"/>
</kw>
<status status="PASS" starttime="20230308 17:56:51.540" endtime="20230308 17:56:51.541"/>
</branch>
<status status="PASS" starttime="20230308 17:56:51.540" endtime="20230308 17:56:51.541"/>
</if>
<status status="PASS" starttime="20230308 17:56:51.491" endtime="20230308 17:56:51.541"/>
</iter>
<iter>
<var name="${element}">&lt;selenium.webdriver.remote.webelement.WebElement (session="6a662b9530aa6b864e81f33e516e815c", element="02e86829-294b-427f-afaf-69ffebc2a81a")&gt;</var>
<kw name="Get Text" library="SeleniumLibrary">
<var>${date}</var>
<arg>${element}</arg>
<doc>Returns the text value of the element identified by ``locator``.</doc>
<msg timestamp="20230308 17:56:51.579" level="INFO">${date} = by Corey Ann Haydu and HarperAudio</msg>
<status status="PASS" starttime="20230308 17:56:51.541" endtime="20230308 17:56:51.579"/>
</kw>
<kw name="Log" library="BuiltIn">
<arg>${date}</arg>
<doc>Logs the given message with the given level.</doc>
<msg timestamp="20230308 17:56:51.579" level="INFO">by Corey Ann Haydu and HarperAudio</msg>
<status status="PASS" starttime="20230308 17:56:51.579" endtime="20230308 17:56:51.579"/>
</kw>
<kw name="Extract Date from Author and Publish Date Text" library="SearchResultsPageKeywords">
<var>${date}</var>
<arg>${date}</arg>
<kw name="Log" library="BuiltIn">
<arg>${text}</arg>
<doc>Logs the given message with the given level.</doc>
<msg timestamp="20230308 17:56:51.580" level="INFO">by Corey Ann Haydu and HarperAudio</msg>
<status status="PASS" starttime="20230308 17:56:51.580" endtime="20230308 17:56:51.580"/>
</kw>
<kw name="Get Substring" library="String">
<var>${text}</var>
<arg>${text}</arg>
<arg>-12</arg>
<doc>Returns a substring from ``start`` index to ``end`` index.</doc>
<msg timestamp="20230308 17:56:51.580" level="INFO">${text} =  HarperAudio</msg>
<status status="PASS" starttime="20230308 17:56:51.580" endtime="20230308 17:56:51.580"/>
</kw>
<kw name="Strip String" library="String">
<var>${text}</var>
<arg>${text}</arg>
<arg>mode=left</arg>
<doc>Remove leading and/or trailing whitespaces from the given string.</doc>
<msg timestamp="20230308 17:56:51.581" level="INFO">${text} = HarperAudio</msg>
<status status="PASS" starttime="20230308 17:56:51.580" endtime="20230308 17:56:51.581"/>
</kw>
<kw name="Replace String" library="String">
<var>${text}</var>
<arg>${text}</arg>
<arg>,</arg>
<arg>${EMPTY}</arg>
<doc>Replaces ``search_for`` in the given ``string`` with ``replace_with``.</doc>
<msg timestamp="20230308 17:56:51.581" level="INFO">${text} = HarperAudio</msg>
<status status="PASS" starttime="20230308 17:56:51.581" endtime="20230308 17:56:51.581"/>
</kw>
<kw name="Convert The Date" library="GlobalKeywords">
<var>${date}</var>
<arg>${text}</arg>
<kw name="Split String" library="String">
<var>@{words}</var>
<arg>${value}</arg>
<arg>${SPACE}</arg>
<doc>Splits the ``string`` using ``separator`` as a delimiter string.</doc>
<msg timestamp="20230308 17:56:51.582" level="INFO">@{words} = [ HarperAudio ]</msg>
<status status="PASS" starttime="20230308 17:56:51.582" endtime="20230308 17:56:51.582"/>
</kw>
<kw name="Get Length" library="BuiltIn">
<var>${list}</var>
<arg>${words}</arg>
<doc>Returns and logs the length of the given item as an integer.</doc>
<msg timestamp="20230308 17:56:51.582" level="INFO">Length is 1</msg>
<msg timestamp="20230308 17:56:51.583" level="INFO">${list} = 1</msg>
<status status="PASS" starttime="20230308 17:56:51.582" endtime="20230308 17:56:51.583"/>
</kw>
<kw name="Set Variable" library="BuiltIn">
<var>${NewDate}</var>
<arg>${EMPTY}</arg>
<doc>Returns the given values which can then be assigned to a variables.</doc>
<msg timestamp="20230308 17:56:51.584" level="INFO">${NewDate} = </msg>
<status status="PASS" starttime="20230308 17:56:51.583" endtime="20230308 17:56:51.584"/>
</kw>
<if>
<branch type="IF" condition="&quot;${list}&quot; == &quot;3&quot;">
<kw name="Get From List" library="Collections">
<var>${Month}</var>
<arg>${words}</arg>
<arg>0</arg>
<doc>Returns the value specified with an ``index`` from ``list``.</doc>
<status status="NOT RUN" starttime="20230308 17:56:51.584" endtime="20230308 17:56:51.584"/>
</kw>
<kw name="Get From List" library="Collections">
<var>${Date}</var>
<arg>${words}</arg>
<arg>1</arg>
<doc>Returns the value specified with an ``index`` from ``list``.</doc>
<status status="NOT RUN" starttime="20230308 17:56:51.584" endtime="20230308 17:56:51.584"/>
</kw>
<kw name="Get From List" library="Collections">
<var>${Year}</var>
<arg>${words}</arg>
<arg>2</arg>
<doc>Returns the value specified with an ``index`` from ``list``.</doc>
<status status="NOT RUN" starttime="20230308 17:56:51.584" endtime="20230308 17:56:51.584"/>
</kw>
<kw name="Convert Date Month to mm" library="GlobalKeywords">
<var>${Month}</var>
<arg>${Month}</arg>
<status status="NOT RUN" starttime="20230308 17:56:51.584" endtime="20230308 17:56:51.584"/>
</kw>
<kw name="Get Length" library="BuiltIn">
<var>${count}</var>
<arg>${Date}</arg>
<doc>Returns and logs the length of the given item as an integer.</doc>
<status status="NOT RUN" starttime="20230308 17:56:51.584" endtime="20230308 17:56:51.584"/>
</kw>
<if>
<branch type="IF" condition="&quot;${count}&quot; == &quot;1&quot;">
<kw name="Catenate" library="BuiltIn">
<var>${Date}</var>
<arg>0${Date}</arg>
<doc>Catenates the given items together and returns the resulted string.</doc>
<status status="NOT RUN" starttime="20230308 17:56:51.585" endtime="20230308 17:56:51.585"/>
</kw>
<status status="NOT RUN" starttime="20230308 17:56:51.584" endtime="20230308 17:56:51.585"/>
</branch>
<status status="NOT RUN" starttime="20230308 17:56:51.584" endtime="20230308 17:56:51.585"/>
</if>
<kw name="Catenate" library="BuiltIn">
<var>${NewDate}</var>
<arg>${Year}-${Month}-${Date}</arg>
<doc>Catenates the given items together and returns the resulted string.</doc>
<status status="NOT RUN" starttime="20230308 17:56:51.585" endtime="20230308 17:56:51.585"/>
</kw>
<status status="NOT RUN" starttime="20230308 17:56:51.584" endtime="20230308 17:56:51.585"/>
</branch>
<status status="PASS" starttime="20230308 17:56:51.584" endtime="20230308 17:56:51.585"/>
</if>
<msg timestamp="20230308 17:56:51.585" level="INFO">${date} = </msg>
<status status="PASS" starttime="20230308 17:56:51.582" endtime="20230308 17:56:51.585"/>
</kw>
<kw name="Log" library="BuiltIn">
<arg>${date}</arg>
<doc>Logs the given message with the given level.</doc>
<msg timestamp="20230308 17:56:51.585" level="INFO"/>
<status status="PASS" starttime="20230308 17:56:51.585" endtime="20230308 17:56:51.585"/>
</kw>
<msg timestamp="20230308 17:56:51.585" level="INFO">${date} = </msg>
<status status="PASS" starttime="20230308 17:56:51.580" endtime="20230308 17:56:51.585"/>
</kw>
<if>
<branch type="IF" condition="&quot;${date}&quot; != &quot;${EMPTY}&quot;">
<kw name="Append To List" library="Collections">
<arg>${dates}</arg>
<arg>${date}</arg>
<doc>Adds ``values`` to the end of ``list``.</doc>
<status status="NOT RUN" starttime="20230308 17:56:51.586" endtime="20230308 17:56:51.586"/>
</kw>
<status status="NOT RUN" starttime="20230308 17:56:51.585" endtime="20230308 17:56:51.586"/>
</branch>
<status status="PASS" starttime="20230308 17:56:51.585" endtime="20230308 17:56:51.586"/>
</if>
<status status="PASS" starttime="20230308 17:56:51.541" endtime="20230308 17:56:51.586"/>
</iter>
<status status="PASS" starttime="20230308 17:56:50.702" endtime="20230308 17:56:51.586"/>
</for>
<kw name="Set Variable" library="BuiltIn">
<var>${unsorted}</var>
<arg>${dates}</arg>
<doc>Returns the given values which can then be assigned to a variables.</doc>
<msg timestamp="20230308 17:56:51.587" level="INFO">${unsorted} = ['2024-12-02', '2024-02-02', '2024-02-01', '2024-01-12', '2023-12-26', '2023-12-19', '2023-12-12', '2023-11-28', '2023-11-07', '2023-10-05', '2023-10-05', '2023-10-03', '2023-09-28', '2023-09-26', '20...</msg>
<status status="PASS" starttime="20230308 17:56:51.586" endtime="20230308 17:56:51.587"/>
</kw>
<kw name="Log List" library="Collections">
<arg>${dates}</arg>
<doc>Logs the length and contents of the ``list`` using given ``level``.</doc>
<msg timestamp="20230308 17:56:51.587" level="INFO">List length is 15 and it contains following items:
0: 2024-12-02
1: 2024-02-02
2: 2024-02-01
3: 2024-01-12
4: 2023-12-26
5: 2023-12-19
6: 2023-12-12
7: 2023-11-28
8: 2023-11-07
9: 2023-10-05
10: 2023-10-05
11: 2023-10-03
12: 2023-09-28
13: 2023-09-26
14: 2023-09-19</msg>
<status status="PASS" starttime="20230308 17:56:51.587" endtime="20230308 17:56:51.587"/>
</kw>
<kw name="Sort List" library="Collections">
<arg>${dates}</arg>
<doc>Sorts the given list in place.</doc>
<status status="PASS" starttime="20230308 17:56:51.587" endtime="20230308 17:56:51.587"/>
</kw>
<kw name="Log List" library="Collections">
<arg>${dates}</arg>
<doc>Logs the length and contents of the ``list`` using given ``level``.</doc>
<msg timestamp="20230308 17:56:51.587" level="INFO">List length is 15 and it contains following items:
0: 2023-09-19
1: 2023-09-26
2: 2023-09-28
3: 2023-10-03
4: 2023-10-05
5: 2023-10-05
6: 2023-11-07
7: 2023-11-28
8: 2023-12-12
9: 2023-12-19
10: 2023-12-26
11: 2024-01-12
12: 2024-02-01
13: 2024-02-02
14: 2024-12-02</msg>
<status status="PASS" starttime="20230308 17:56:51.587" endtime="20230308 17:56:51.587"/>
</kw>
<kw name="Should Be Equal" library="BuiltIn">
<arg>${dates}</arg>
<arg>${unsorted}</arg>
<doc>Fails if the given objects are unequal.</doc>
<status status="PASS" starttime="20230308 17:56:51.588" endtime="20230308 17:56:51.588"/>
</kw>
<kw name="Close Browser" library="SeleniumLibrary">
<doc>Closes the current browser.</doc>
<status status="PASS" starttime="20230308 17:56:51.588" endtime="20230308 17:56:53.969"/>
</kw>
<status status="PASS" starttime="20230308 17:56:49.124" endtime="20230308 17:56:53.969"/>
</kw>
<status status="PASS" starttime="20230308 17:56:49.123" endtime="20230308 17:56:53.969"/>
</kw>
<status status="PASS" starttime="20230308 17:56:28.393" endtime="20230308 17:56:53.969"/>
</test>
<kw name="Close Browser" library="SeleniumLibrary" type="TEARDOWN">
<doc>Closes the current browser.</doc>
<status status="PASS" starttime="20230308 17:56:53.969" endtime="20230308 17:56:53.969"/>
</kw>
<status status="PASS" starttime="20230308 17:56:23.250" endtime="20230308 17:56:53.969"/>
</suite>
<status status="FAIL" starttime="20230308 17:55:18.018" endtime="20230308 17:56:53.969"/>
</suite>
<status status="FAIL" starttime="20230308 17:55:18.003" endtime="20230308 17:56:53.969"/>
</suite>
<statistics>
<total>
<stat pass="3" fail="1" skip="0">All Tests</stat>
</total>
<tag>
</tag>
<suite>
<stat pass="3" fail="1" skip="0" id="s1" name="Tests">Tests</stat>
<stat pass="3" fail="1" skip="0" id="s1-s1" name="Tests">Tests.Tests</stat>
<stat pass="1" fail="1" skip="0" id="s1-s1-s1" name="CheckLoginFunctionality">Tests.Tests.CheckLoginFunctionality</stat>
<stat pass="1" fail="0" skip="0" id="s1-s1-s2" name="CheckResultsListPaginationFunctionality">Tests.Tests.CheckResultsListPaginationFunctionality</stat>
<stat pass="1" fail="0" skip="0" id="s1-s1-s3" name="CheckResultsListSortFunctionality">Tests.Tests.CheckResultsListSortFunctionality</stat>
</suite>
</statistics>
<errors>
</errors>
</robot>
